Start time: Tue Jun 11 16:37:43 2024

              |===========================|
              |      REGENIE v3.4.gz      |
              |===========================|

Copyright (c) 2020-2023 Joelle Mbatchou, Andrey Ziyatdinov and Jonathan Marchini.
Distributed under the MIT License.
Compiled with Boost Iostream library.

Log of output saved in file : regenie_step1_out.log

Options in effect:
  --step 1 \
  --bed 0_samples.qc \
  --extract 0_samples.qc.snplist \
  --keep 0_samples.qc.id \
  --phenoFile phenotype_10000_samples_100cols.validated.txt \
  --phenoColList Y1,Y2,Y3,Y4,Y5,Y6,Y7,Y8,Y9,Y10,Y11,Y12,Y13 \
  --bsize 1000 \
  --lowmem \
  --lowmem-prefix tmp_rg \
  --gz \
  --threads 8 \
  --out regenie_step1_out \
  --use-relative-path

Fitting null model
 * bim              : [0_samples.qc.bim] n_snps = 100000
   -keeping variants specified by --extract
 * fam              : [0_samples.qc.fam] n_samples = 2602
   -keeping only individuals specified by --keep
 * bed              : [0_samples.qc.bed]
 * phenotypes       : [phenotype_10000_samples_100cols.validated.txt] n_pheno = 13
   -keeping and mean-imputing missing observations (done for each trait)
   -number of phenotyped individuals  = 2602
 * number of individuals used in analysis = 2602
 * number of observations for each trait:
   - 'Y1': 2602 observations
   - 'Y2': 2602 observations
   - 'Y3': 2602 observations
   - 'Y4': 2602 observations
   - 'Y5': 2602 observations
   - 'Y6': 2602 observations
   - 'Y7': 2602 observations
   - 'Y8': 2602 observations
   - 'Y9': 2602 observations
   - 'Y10': 2602 observations
   - 'Y11': 2602 observations
   - 'Y12': 2602 observations
   - 'Y13': 2602 observations
   -residualizing and scaling phenotypes...done (0ms) 
 * # threads        : [8]
 * block size       : [1000]
 * # blocks         : [101] for 100000 variants
 * # CV folds       : [5]
 * ridge data_l0    : [5 : 0.01 0.25 0.5 0.75 0.99 ]
 * ridge data_l1    : [5 : 0.01 0.25 0.5 0.75 0.99 ]
 * approximate memory usage : 45MB
 * writing level 0 predictions to disk
   -temporary files will have prefix [tmp_rg_l0_Y]
   -approximate disk space needed : 131MB
 * setting memory...done

Chromosome 1
 block [1] : 1000 snps  (16ms) 
   -residualizing and scaling genotypes...done (20ms) 
   -calc working matrices...done (78ms) 
   -calc level 0 ridge...done (4368ms) 
 block [2] : 1000 snps  (15ms) 
   -residualizing and scaling genotypes...done (14ms) 
   -calc working matrices...done (66ms) 
   -calc level 0 ridge...done (4340ms) 
 block [3] : 1000 snps  (16ms) 
   -residualizing and scaling genotypes...done (14ms) 
   -calc working matrices...done (66ms) 
   -calc level 0 ridge...done (4331ms) 
 block [4] : 1000 snps  (16ms) 
   -residualizing and scaling genotypes...done (14ms) 
   -calc working matrices...done (65ms) 
   -calc level 0 ridge...done (4352ms) 
 block [5] : 1000 snps  (16ms) 
   -residualizing and scaling genotypes...done (13ms) 
   -calc working matrices...done (66ms) 
   -calc level 0 ridge...done (4348ms) 
 block [6] : 1000 snps  (16ms) 
   -residualizing and scaling genotypes...done (14ms) 
   -calc working matrices...done (65ms) 
   -calc level 0 ridge...done (4361ms) 
 block [7] : 1000 snps  (15ms) 
   -residualizing and scaling genotypes...done (14ms) 
   -calc working matrices...done (66ms) 
   -calc level 0 ridge...done (4345ms) 
 block [8] : 1000 snps  (16ms) 
   -residualizing and scaling genotypes...done (13ms) 
   -calc working matrices...done (66ms) 
   -calc level 0 ridge...done (4340ms) 
 block [9] : 1000 snps  (16ms) 
   -residualizing and scaling genotypes...done (14ms) 
   -calc working matrices...done (65ms) 
   -calc level 0 ridge...done (4337ms) 
 block [10] : 1000 snps  (15ms) 
   -residualizing and scaling genotypes...done (13ms) 
   -calc working matrices...done (66ms) 
   -calc level 0 ridge...done (4349ms) 
 block [11] : 1000 snps  (15ms) 
   -residualizing and scaling genotypes...done (13ms) 
   -calc working matrices...done (65ms) 
   -calc level 0 ridge...done (4350ms) 
 block [12] : 1000 snps  (16ms) 
   -residualizing and scaling genotypes...done (14ms) 
   -calc working matrices...done (66ms) 
   -calc level 0 ridge...done (4341ms) 
 block [13] : 1000 snps  (15ms) 
   -residualizing and scaling genotypes...done (14ms) 
   -calc working matrices...done (66ms) 
   -calc level 0 ridge...done (4314ms) 
 block [14] : 1000 snps  (16ms) 
   -residualizing and scaling genotypes...done (14ms) 
   -calc working matrices...done (66ms) 
   -calc level 0 ridge...done (4332ms) 
 block [15] : 1000 snps  (16ms) 
   -residualizing and scaling genotypes...done (14ms) 
   -calc working matrices...done (66ms) 
   -calc level 0 ridge...done (4309ms) 
 block [16] : 1000 snps  (16ms) 
   -residualizing and scaling genotypes...done (14ms) 
   -calc working matrices...done (66ms) 
   -calc level 0 ridge...done (4323ms) 
 block [17] : 1000 snps  (15ms) 
   -residualizing and scaling genotypes...done (14ms) 
   -calc working matrices...done (66ms) 
   -calc level 0 ridge...done (4289ms) 
 block [18] : 1000 snps  (16ms) 
   -residualizing and scaling genotypes...done (14ms) 
   -calc working matrices...done (66ms) 
   -calc level 0 ridge...done (4312ms) 
 block [19] : 1000 snps  (15ms) 
   -residualizing and scaling genotypes...done (14ms) 
   -calc working matrices...done (65ms) 
   -calc level 0 ridge...done (4297ms) 
 block [20] : 999 snps  (7ms) 
   -residualizing and scaling genotypes...done (16ms) 
   -calc working matrices...done (65ms) 
   -calc level 0 ridge...done (4362ms) 
Chromosome 2
 block [21] : 1000 snps  (15ms) 
   -residualizing and scaling genotypes...done (19ms) 
   -calc working matrices...done (65ms) 
   -calc level 0 ridge...done (4312ms) 
 block [22] : 1000 snps  (16ms) 
   -residualizing and scaling genotypes...done (14ms) 
   -calc working matrices...done (66ms) 
   -calc level 0 ridge...done (4313ms) 
 block [23] : 1000 snps  (17ms) 
   -residualizing and scaling genotypes...done (14ms) 
   -calc working matrices...done (66ms) 
   -calc level 0 ridge...done (4312ms) 
 block [24] : 1000 snps  (16ms) 
   -residualizing and scaling genotypes...done (14ms) 
   -calc working matrices...done (66ms) 
   -calc level 0 ridge...done (4300ms) 
 block [25] : 1000 snps  (16ms) 
   -residualizing and scaling genotypes...done (14ms) 
   -calc working matrices...done (65ms) 
   -calc level 0 ridge...done (4342ms) 
 block [26] : 1000 snps  (16ms) 
   -residualizing and scaling genotypes...done (14ms) 
   -calc working matrices...done (65ms) 
   -calc level 0 ridge...done (4325ms) 
 block [27] : 1000 snps  (16ms) 
   -residualizing and scaling genotypes...done (14ms) 
   -calc working matrices...done (66ms) 
   -calc level 0 ridge...done (4326ms) 
 block [28] : 1000 snps  (16ms) 
   -residualizing and scaling genotypes...done (14ms) 
   -calc working matrices...done (65ms) 
   -calc level 0 ridge...done (4321ms) 
 block [29] : 1000 snps  (16ms) 
   -residualizing and scaling genotypes...done (14ms) 
   -calc working matrices...done (65ms) 
   -calc level 0 ridge...done (4321ms) 
 block [30] : 1000 snps  (16ms) 
   -residualizing and scaling genotypes...done (14ms) 
   -calc working matrices...done (65ms) 
   -calc level 0 ridge...done (4335ms) 
 block [31] : 1000 snps  (16ms) 
   -residualizing and scaling genotypes...done (14ms) 
   -calc working matrices...done (65ms) 
   -calc level 0 ridge...done (4329ms) 
 block [32] : 1000 snps  (17ms) 
   -residualizing and scaling genotypes...done (14ms) 
   -calc working matrices...done (66ms) 
   -calc level 0 ridge...done (4313ms) 
 block [33] : 1000 snps  (16ms) 
   -residualizing and scaling genotypes...done (14ms) 
   -calc working matrices...done (65ms) 
   -calc level 0 ridge...done (4328ms) 
 block [34] : 1000 snps  (15ms) 
   -residualizing and scaling genotypes...done (14ms) 
   -calc working matrices...done (66ms) 
   -calc level 0 ridge...done (4344ms) 
 block [35] : 1000 snps  (16ms) 
   -residualizing and scaling genotypes...done (14ms) 
   -calc working matrices...done (66ms) 
   -calc level 0 ridge...done (4345ms) 
 block [36] : 1000 snps  (16ms) 
   -residualizing and scaling genotypes...done (14ms) 
   -calc working matrices...done (66ms) 
   -calc level 0 ridge...done (4345ms) 
 block [37] : 1000 snps  (16ms) 
   -residualizing and scaling genotypes...done (14ms) 
   -calc working matrices...done (65ms) 
   -calc level 0 ridge...done (4339ms) 
 block [38] : 1000 snps  (16ms) 
   -residualizing and scaling genotypes...done (14ms) 
   -calc working matrices...done (66ms) 
   -calc level 0 ridge...done (4329ms) 
 block [39] : 1000 snps  (17ms) 
   -residualizing and scaling genotypes...done (14ms) 
   -calc working matrices...done (65ms) 
   -calc level 0 ridge...done (4345ms) 
 block [40] : 1000 snps  (16ms) 
   -residualizing and scaling genotypes...done (14ms) 
   -calc working matrices...done (65ms) 
   -calc level 0 ridge...done (4349ms) 
Chromosome 3
 block [41] : 1000 snps  (16ms) 
   -residualizing and scaling genotypes...done (14ms) 
   -calc working matrices...done (66ms) 
   -calc level 0 ridge...done (4332ms) 
 block [42] : 1000 snps  (16ms) 
   -residualizing and scaling genotypes...done (14ms) 
   -calc working matrices...done (66ms) 
   -calc level 0 ridge...done (4329ms) 
 block [43] : 1000 snps  (16ms) 
   -residualizing and scaling genotypes...done (14ms) 
   -calc working matrices...done (66ms) 
   -calc level 0 ridge...done (4323ms) 
 block [44] : 1000 snps  (16ms) 
   -residualizing and scaling genotypes...done (14ms) 
   -calc working matrices...done (66ms) 
   -calc level 0 ridge...done (4346ms) 
 block [45] : 1000 snps  (16ms) 
   -residualizing and scaling genotypes...done (14ms) 
   -calc working matrices...done (66ms) 
   -calc level 0 ridge...done (4343ms) 
 block [46] : 1000 snps  (16ms) 
   -residualizing and scaling genotypes...done (14ms) 
   -calc working matrices...done (66ms) 
   -calc level 0 ridge...done (4351ms) 
 block [47] : 1000 snps  (16ms) 
   -residualizing and scaling genotypes...done (14ms) 
   -calc working matrices...done (66ms) 
   -calc level 0 ridge...done (4353ms) 
 block [48] : 1000 snps  (16ms) 
   -residualizing and scaling genotypes...done (14ms) 
   -calc working matrices...done (65ms) 
   -calc level 0 ridge...done (4339ms) 
 block [49] : 1000 snps  (16ms) 
   -residualizing and scaling genotypes...done (14ms) 
   -calc working matrices...done (66ms) 
   -calc level 0 ridge...done (4378ms) 
 block [50] : 1000 snps  (16ms) 
   -residualizing and scaling genotypes...done (14ms) 
   -calc working matrices...done (66ms) 
   -calc level 0 ridge...done (4342ms) 
 block [51] : 1000 snps  (15ms) 
   -residualizing and scaling genotypes...done (14ms) 
   -calc working matrices...done (66ms) 
   -calc level 0 ridge...done (4332ms) 
 block [52] : 1000 snps  (16ms) 
   -residualizing and scaling genotypes...done (14ms) 
   -calc working matrices...done (66ms) 
   -calc level 0 ridge...done (4339ms) 
 block [53] : 1000 snps  (16ms) 
   -residualizing and scaling genotypes...done (14ms) 
   -calc working matrices...done (65ms) 
   -calc level 0 ridge...done (4327ms) 
 block [54] : 1000 snps  (17ms) 
   -residualizing and scaling genotypes...done (14ms) 
   -calc working matrices...done (66ms) 
   -calc level 0 ridge...done (4346ms) 
 block [55] : 1000 snps  (17ms) 
   -residualizing and scaling genotypes...done (14ms) 
   -calc working matrices...done (66ms) 
   -calc level 0 ridge...done (4337ms) 
 block [56] : 1000 snps  (16ms) 
   -residualizing and scaling genotypes...done (14ms) 
   -calc working matrices...done (66ms) 
   -calc level 0 ridge...done (4327ms) 
 block [57] : 1000 snps  (16ms) 
   -residualizing and scaling genotypes...done (14ms) 
   -calc working matrices...done (66ms) 
   -calc level 0 ridge...done (4317ms) 
 block [58] : 1000 snps  (16ms) 
   -residualizing and scaling genotypes...done (14ms) 
   -calc working matrices...done (66ms) 
   -calc level 0 ridge...done (4318ms) 
 block [59] : 1000 snps  (16ms) 
   -residualizing and scaling genotypes...done (14ms) 
   -calc working matrices...done (66ms) 
   -calc level 0 ridge...done (4322ms) 
 block [60] : 1000 snps  (16ms) 
   -residualizing and scaling genotypes...done (14ms) 
   -calc working matrices...done (66ms) 
   -calc level 0 ridge...done (4327ms) 
Chromosome 4
 block [61] : 1000 snps  (16ms) 
   -residualizing and scaling genotypes...done (14ms) 
   -calc working matrices...done (66ms) 
   -calc level 0 ridge...done (4365ms) 
 block [62] : 1000 snps  (16ms) 
   -residualizing and scaling genotypes...done (14ms) 
   -calc working matrices...done (66ms) 
   -calc level 0 ridge...done (4356ms) 
 block [63] : 1000 snps  (16ms) 
   -residualizing and scaling genotypes...done (13ms) 
   -calc working matrices...done (65ms) 
   -calc level 0 ridge...done (4332ms) 
 block [64] : 1000 snps  (16ms) 
   -residualizing and scaling genotypes...done (14ms) 
   -calc working matrices...done (66ms) 
   -calc level 0 ridge...done (4352ms) 
 block [65] : 1000 snps  (16ms) 
   -residualizing and scaling genotypes...done (14ms) 
   -calc working matrices...done (65ms) 
   -calc level 0 ridge...done (4338ms) 
 block [66] : 1000 snps  (16ms) 
   -residualizing and scaling genotypes...done (14ms) 
   -calc working matrices...done (65ms) 
   -calc level 0 ridge...done (4337ms) 
 block [67] : 1000 snps  (16ms) 
   -residualizing and scaling genotypes...done (14ms) 
   -calc working matrices...done (65ms) 
   -calc level 0 ridge...done (4371ms) 
 block [68] : 1000 snps  (16ms) 
   -residualizing and scaling genotypes...done (14ms) 
   -calc working matrices...done (66ms) 
   -calc level 0 ridge...done (4333ms) 
 block [69] : 1000 snps  (17ms) 
   -residualizing and scaling genotypes...done (14ms) 
   -calc working matrices...done (65ms) 
   -calc level 0 ridge...done (4357ms) 
 block [70] : 1000 snps  (15ms) 
   -residualizing and scaling genotypes...done (14ms) 
   -calc working matrices...done (66ms) 
   -calc level 0 ridge...done (4355ms) 
 block [71] : 1000 snps  (16ms) 
   -residualizing and scaling genotypes...done (14ms) 
   -calc working matrices...done (66ms) 
   -calc level 0 ridge...done (4352ms) 
 block [72] : 1000 snps  (16ms) 
   -residualizing and scaling genotypes...done (14ms) 
   -calc working matrices...done (66ms) 
   -calc level 0 ridge...done (4373ms) 
 block [73] : 1000 snps  (16ms) 
   -residualizing and scaling genotypes...done (14ms) 
   -calc working matrices...done (66ms) 
   -calc level 0 ridge...done (4371ms) 
 block [74] : 1000 snps  (16ms) 
   -residualizing and scaling genotypes...done (14ms) 
   -calc working matrices...done (65ms) 
   -calc level 0 ridge...done (4358ms) 
 block [75] : 1000 snps  (16ms) 
   -residualizing and scaling genotypes...done (14ms) 
   -calc working matrices...done (66ms) 
   -calc level 0 ridge...done (4338ms) 
 block [76] : 1000 snps  (15ms) 
   -residualizing and scaling genotypes...done (14ms) 
   -calc working matrices...done (65ms) 
   -calc level 0 ridge...done (4352ms) 
 block [77] : 1000 snps  (15ms) 
   -residualizing and scaling genotypes...done (14ms) 
   -calc working matrices...done (66ms) 
   -calc level 0 ridge...done (4368ms) 
 block [78] : 1000 snps  (16ms) 
   -residualizing and scaling genotypes...done (14ms) 
   -calc working matrices...done (66ms) 
   -calc level 0 ridge...done (4352ms) 
 block [79] : 1000 snps  (16ms) 
   -residualizing and scaling genotypes...done (14ms) 
   -calc working matrices...done (65ms) 
   -calc level 0 ridge...done (4327ms) 
 block [80] : 1000 snps  (16ms) 
   -residualizing and scaling genotypes...done (14ms) 
   -calc working matrices...done (66ms) 
   -calc level 0 ridge...done (4327ms) 
Chromosome 5
 block [81] : 1000 snps  (16ms) 
   -residualizing and scaling genotypes...done (14ms) 
   -calc working matrices...done (65ms) 
   -calc level 0 ridge...done (4326ms) 
 block [82] : 1000 snps  (16ms) 
   -residualizing and scaling genotypes...done (14ms) 
   -calc working matrices...done (66ms) 
   -calc level 0 ridge...done (4343ms) 
 block [83] : 1000 snps  (16ms) 
   -residualizing and scaling genotypes...done (14ms) 
   -calc working matrices...done (66ms) 
   -calc level 0 ridge...done (4363ms) 
 block [84] : 1000 snps  (16ms) 
   -residualizing and scaling genotypes...done (14ms) 
   -calc working matrices...done (65ms) 
   -calc level 0 ridge...done (4363ms) 
 block [85] : 1000 snps  (16ms) 
   -residualizing and scaling genotypes...done (14ms) 
   -calc working matrices...done (65ms) 
   -calc level 0 ridge...done (4344ms) 
 block [86] : 1000 snps  (17ms) 
   -residualizing and scaling genotypes...done (14ms) 
   -calc working matrices...done (67ms) 
   -calc level 0 ridge...done (4340ms) 
 block [87] : 1000 snps  (16ms) 
   -residualizing and scaling genotypes...done (14ms) 
   -calc working matrices...done (65ms) 
   -calc level 0 ridge...done (4357ms) 
 block [88] : 1000 snps  (16ms) 
   -residualizing and scaling genotypes...done (13ms) 
   -calc working matrices...done (65ms) 
   -calc level 0 ridge...done (4353ms) 
 block [89] : 1000 snps  (16ms) 
   -residualizing and scaling genotypes...done (14ms) 
   -calc working matrices...done (66ms) 
   -calc level 0 ridge...done (4371ms) 
 block [90] : 1000 snps  (16ms) 
   -residualizing and scaling genotypes...done (14ms) 
   -calc working matrices...done (65ms) 
   -calc level 0 ridge...done (4349ms) 
 block [91] : 1000 snps  (16ms) 
   -residualizing and scaling genotypes...done (14ms) 
   -calc working matrices...done (65ms) 
   -calc level 0 ridge...done (4366ms) 
 block [92] : 1000 snps  (16ms) 
   -residualizing and scaling genotypes...done (14ms) 
   -calc working matrices...done (66ms) 
   -calc level 0 ridge...done (4373ms) 
 block [93] : 1000 snps  (16ms) 
   -residualizing and scaling genotypes...done (14ms) 
   -calc working matrices...done (65ms) 
   -calc level 0 ridge...done (4353ms) 
 block [94] : 1000 snps  (16ms) 
   -residualizing and scaling genotypes...done (13ms) 
   -calc working matrices...done (66ms) 
   -calc level 0 ridge...done (4352ms) 
 block [95] : 1000 snps  (15ms) 
   -residualizing and scaling genotypes...done (14ms) 
   -calc working matrices...done (66ms) 
   -calc level 0 ridge...done (4369ms) 
 block [96] : 1000 snps  (17ms) 
   -residualizing and scaling genotypes...done (15ms) 
   -calc working matrices...done (68ms) 
   -calc level 0 ridge...done (4360ms) 
 block [97] : 1000 snps  (16ms) 
   -residualizing and scaling genotypes...done (13ms) 
   -calc working matrices...done (65ms) 
   -calc level 0 ridge...done (4345ms) 
 block [98] : 1000 snps  (16ms) 
   -residualizing and scaling genotypes...done (14ms) 
   -calc working matrices...done (66ms) 
   -calc level 0 ridge...done (4346ms) 
 block [99] : 1000 snps  (16ms) 
   -residualizing and scaling genotypes...done (16ms) 
   -calc working matrices...done (68ms) 
   -calc level 0 ridge...done (4352ms) 
 block [100] : 1000 snps  (16ms) 
   -residualizing and scaling genotypes...done (14ms) 
   -calc working matrices...done (66ms) 
   -calc level 0 ridge...done (4355ms) 
Chromosome 6
 block [101] : 1 snps  (0ms) 
   -residualizing and scaling genotypes...done (0ms) 
   -calc working matrices...done (4ms) 
   -calc level 0 ridge...done (1ms) 

 Level 1 ridge...
   -on phenotype 1 (Y1)...done (369ms) 
   -on phenotype 2 (Y2)...done (364ms) 
   -on phenotype 3 (Y3)...done (366ms) 
   -on phenotype 4 (Y4)...done (366ms) 
   -on phenotype 5 (Y5)...done (364ms) 
   -on phenotype 6 (Y6)...done (367ms) 
   -on phenotype 7 (Y7)...done (366ms) 
   -on phenotype 8 (Y8)...done (365ms) 
   -on phenotype 9 (Y9)...done (366ms) 
   -on phenotype 10 (Y10)...done (365ms) 
   -on phenotype 11 (Y11)...done (364ms) 
   -on phenotype 12 (Y12)...done (363ms) 
   -on phenotype 13 (Y13)...done (364ms) 

Output
------
phenotype 1 (Y1) : 
  0.01  : Rsq = 0.0354546, MSE = 0.983527
  0.25  : Rsq = 0.0441038, MSE = 0.957916
  0.5   : Rsq = 0.0519193, MSE = 0.952973<- min value
  0.75  : Rsq = 0.0567395, MSE = 0.954592
  0.99  : Rsq = 0.0563444, MSE = 0.978022
  * making predictions...writing LOCO predictions...done (61ms) 

phenotype 2 (Y2) : 
  0.01  : Rsq = 0.0206644, MSE = 0.98824
  0.25  : Rsq = 0.0234137, MSE = 0.985065<- min value
  0.5   : Rsq = 0.0272005, MSE = 0.986869
  0.75  : Rsq = 0.0300114, MSE = 0.992851
  0.99  : Rsq = 0.0305957, MSE = 1.01789
  * making predictions...writing LOCO predictions...done (61ms) 

phenotype 3 (Y3) : 
  0.01  : Rsq = 0.0174895, MSE = 0.989796
  0.25  : Rsq = 0.022151, MSE = 0.983887
  0.5   : Rsq = 0.027661, MSE = 0.981643<- min value
  0.75  : Rsq = 0.031806, MSE = 0.9843
  0.99  : Rsq = 0.0335947, MSE = 1.00469
  * making predictions...writing LOCO predictions...done (60ms) 

phenotype 4 (Y4) : 
  0.01  : Rsq = 0.0353505, MSE = 0.982851
  0.25  : Rsq = 0.0363327, MSE = 0.969012<- min value
  0.5   : Rsq = 0.0382577, MSE = 0.973112
  0.75  : Rsq = 0.038428, MSE = 0.982182
  0.99  : Rsq = 0.0358769, MSE = 1.00967
  * making predictions...writing LOCO predictions...done (60ms) 

phenotype 5 (Y5) : 
  0.01  : Rsq = 0.0127893, MSE = 0.991352<- min value
  0.25  : Rsq = 0.0131611, MSE = 1.00064
  0.5   : Rsq = 0.0144658, MSE = 1.00677
  0.75  : Rsq = 0.015282, MSE = 1.01659
  0.99  : Rsq = 0.0160308, MSE = 1.04198
  * making predictions...writing LOCO predictions...done (60ms) 

phenotype 6 (Y6) : 
  0.01  : Rsq = 0.0262355, MSE = 0.986168
  0.25  : Rsq = 0.0303071, MSE = 0.975621
  0.5   : Rsq = 0.0354339, MSE = 0.974632<- min value
  0.75  : Rsq = 0.0390614, MSE = 0.97807
  0.99  : Rsq = 0.0393862, MSE = 1.00049
  * making predictions...writing LOCO predictions...done (60ms) 

phenotype 7 (Y7) : 
  0.01  : Rsq = 0.0284701, MSE = 0.985955
  0.25  : Rsq = 0.0385056, MSE = 0.963998
  0.5   : Rsq = 0.0495351, MSE = 0.954447
  0.75  : Rsq = 0.0595317, MSE = 0.948061<- min value
  0.99  : Rsq = 0.0654477, MSE = 0.959577
  * making predictions...writing LOCO predictions...done (60ms) 

phenotype 8 (Y8) : 
  0.01  : Rsq = 0.0209962, MSE = 0.988233
  0.25  : Rsq = 0.0213775, MSE = 0.986655<- min value
  0.5   : Rsq = 0.0235826, MSE = 0.989857
  0.75  : Rsq = 0.0251076, MSE = 0.99649
  0.99  : Rsq = 0.0257326, MSE = 1.01895
  * making predictions...writing LOCO predictions...done (60ms) 

phenotype 9 (Y9) : 
  0.01  : Rsq = 0.0337003, MSE = 0.983337
  0.25  : Rsq = 0.0348712, MSE = 0.970344<- min value
  0.5   : Rsq = 0.0368394, MSE = 0.973747
  0.75  : Rsq = 0.0368912, MSE = 0.982268
  0.99  : Rsq = 0.0340443, MSE = 1.00868
  * making predictions...writing LOCO predictions...done (60ms) 

phenotype 10 (Y10) : 
  0.01  : Rsq = 0.0308253, MSE = 0.984612
  0.25  : Rsq = 0.0357428, MSE = 0.968456
  0.5   : Rsq = 0.041098, MSE = 0.966727<- min value
  0.75  : Rsq = 0.044704, MSE = 0.969648
  0.99  : Rsq = 0.044246, MSE = 0.992953
  * making predictions...writing LOCO predictions...done (60ms) 

phenotype 11 (Y11) : 
  0.01  : Rsq = 0.0343728, MSE = 0.983231
  0.25  : Rsq = 0.0354092, MSE = 0.969312<- min value
  0.5   : Rsq = 0.036904, MSE = 0.973085
  0.75  : Rsq = 0.0363763, MSE = 0.982038
  0.99  : Rsq = 0.0325291, MSE = 1.01009
  * making predictions...writing LOCO predictions...done (60ms) 

phenotype 12 (Y12) : 
  0.01  : Rsq = 0.0190961, MSE = 0.988949
  0.25  : Rsq = 0.0204062, MSE = 0.988906<- min value
  0.5   : Rsq = 0.0229508, MSE = 0.992157
  0.75  : Rsq = 0.0247946, MSE = 0.998895
  0.99  : Rsq = 0.0255414, MSE = 1.02179
  * making predictions...writing LOCO predictions...done (62ms) 

phenotype 13 (Y13) : 
  0.01  : Rsq = 0.0271364, MSE = 0.985812
  0.25  : Rsq = 0.0293856, MSE = 0.976622<- min value
  0.5   : Rsq = 0.0328859, MSE = 0.97771
  0.75  : Rsq = 0.0350946, MSE = 0.982907
  0.99  : Rsq = 0.0348118, MSE = 1.00556
  * making predictions...writing LOCO predictions...done (62ms) 

List of blup files written to: [regenie_step1_out_pred.list]

Elapsed time : 449.809s
End time: Tue Jun 11 16:45:13 2024

