PLINK v2.00a2.3LM 64-bit Intel (24 Jan 2020)
Options in effect:
  --bfile 2_samples
  --geno 0.1
  --hwe 0.00
  --mac 100
  --maf 0.01
  --make-bed
  --memory 16384
  --mind 0.1
  --no-id-header
  --out 2_samples.qc
  --threads 8
  --write-samples
  --write-snplist

Hostname: 646d3ef7490f
Working directory: /home/ec2-user/GWAS/nf-gwas/work/9f/8cd0d6abebe5bb158825c24bbcb5d8
Start time: Tue Jun 11 16:17:42 2024

Random number seed: 1718122662
95017 MiB RAM detected; reserving 16384 MiB for main workspace.
Using up to 8 compute threads.
2504 samples (0 females, 0 males, 2504 ambiguous; 2504 founders) loaded from
2_samples.fam.
100000 variants loaded from 2_samples.bim.
1 quantitative phenotype loaded (2504 values).
Calculating sample missingness rates... done.
0 samples removed due to missing genotype data (--mind).
2504 samples (0 females, 0 males, 2504 ambiguous; 2504 founders) remaining
after main filters.
2504 quantitative phenotype values remaining after main filters.
--write-samples: Sample IDs written to 2_samples.qc.id .
Calculating allele frequencies... done.
--geno: 0 variants removed due to missing genotype data.
0 variants removed due to allele frequency threshold(s)
(--maf/--max-maf/--mac/--max-mac).
100000 variants remaining after main filters.
--write-snplist: Variant IDs written to 2_samples.qc.snplist .
Writing 2_samples.qc.fam ... done.
Writing 2_samples.qc.bim ... done.
Writing 2_samples.qc.bed ... done.

End time: Tue Jun 11 16:17:42 2024
