Start time: Tue Jun 11 16:17:43 2024

              |===========================|
              |      REGENIE v3.4.gz      |
              |===========================|

Copyright (c) 2020-2023 Joelle Mbatchou, Andrey Ziyatdinov and Jonathan Marchini.
Distributed under the MIT License.
Compiled with Boost Iostream library.

Log of output saved in file : regenie_step1_out.log

Options in effect:
  --step 1 \
  --bed 2_samples.qc \
  --extract 2_samples.qc.snplist \
  --keep 2_samples.qc.id \
  --phenoFile phenotype_10000_samples_100cols.validated.txt \
  --phenoColList Y1,Y2,Y3,Y4,Y5,Y6,Y7,Y8,Y9,Y10,Y11,Y12,Y13 \
  --bsize 1000 \
  --lowmem \
  --lowmem-prefix tmp_rg \
  --gz \
  --threads 8 \
  --out regenie_step1_out \
  --use-relative-path

Fitting null model
 * bim              : [2_samples.qc.bim] n_snps = 100000
   -keeping variants specified by --extract
 * fam              : [2_samples.qc.fam] n_samples = 2504
   -keeping only individuals specified by --keep
 * bed              : [2_samples.qc.bed]
 * phenotypes       : [phenotype_10000_samples_100cols.validated.txt] n_pheno = 13
   -keeping and mean-imputing missing observations (done for each trait)
   -number of phenotyped individuals  = 2504
 * number of individuals used in analysis = 2504
 * number of observations for each trait:
   - 'Y1': 2504 observations
   - 'Y2': 2504 observations
   - 'Y3': 2504 observations
   - 'Y4': 2504 observations
   - 'Y5': 2504 observations
   - 'Y6': 2504 observations
   - 'Y7': 2504 observations
   - 'Y8': 2504 observations
   - 'Y9': 2504 observations
   - 'Y10': 2504 observations
   - 'Y11': 2504 observations
   - 'Y12': 2504 observations
   - 'Y13': 2504 observations
   -residualizing and scaling phenotypes...done (0ms) 
 * # threads        : [8]
 * block size       : [1000]
 * # blocks         : [101] for 100000 variants
 * # CV folds       : [5]
 * ridge data_l0    : [5 : 0.01 0.25 0.5 0.75 0.99 ]
 * ridge data_l1    : [5 : 0.01 0.25 0.5 0.75 0.99 ]
 * approximate memory usage : 44MB
 * writing level 0 predictions to disk
   -temporary files will have prefix [tmp_rg_l0_Y]
   -approximate disk space needed : 126MB
 * setting memory...done

Chromosome 1
 block [1] : 1000 snps  (15ms) 
   -residualizing and scaling genotypes...done (19ms) 
   -calc working matrices...done (76ms) 
   -calc level 0 ridge...done (4360ms) 
 block [2] : 1000 snps  (16ms) 
   -residualizing and scaling genotypes...done (13ms) 
   -calc working matrices...done (63ms) 
   -calc level 0 ridge...done (4355ms) 
 block [3] : 1000 snps  (15ms) 
   -residualizing and scaling genotypes...done (13ms) 
   -calc working matrices...done (64ms) 
   -calc level 0 ridge...done (4343ms) 
 block [4] : 1000 snps  (16ms) 
   -residualizing and scaling genotypes...done (13ms) 
   -calc working matrices...done (64ms) 
   -calc level 0 ridge...done (4337ms) 
 block [5] : 1000 snps  (16ms) 
   -residualizing and scaling genotypes...done (12ms) 
   -calc working matrices...done (63ms) 
   -calc level 0 ridge...done (4342ms) 
 block [6] : 1000 snps  (15ms) 
   -residualizing and scaling genotypes...done (13ms) 
   -calc working matrices...done (64ms) 
   -calc level 0 ridge...done (4334ms) 
 block [7] : 1000 snps  (16ms) 
   -residualizing and scaling genotypes...done (13ms) 
   -calc working matrices...done (64ms) 
   -calc level 0 ridge...done (4343ms) 
 block [8] : 1000 snps  (16ms) 
   -residualizing and scaling genotypes...done (13ms) 
   -calc working matrices...done (64ms) 
   -calc level 0 ridge...done (4345ms) 
 block [9] : 1000 snps  (16ms) 
   -residualizing and scaling genotypes...done (13ms) 
   -calc working matrices...done (64ms) 
   -calc level 0 ridge...done (4332ms) 
 block [10] : 1000 snps  (16ms) 
   -residualizing and scaling genotypes...done (12ms) 
   -calc working matrices...done (64ms) 
   -calc level 0 ridge...done (4338ms) 
 block [11] : 1000 snps  (16ms) 
   -residualizing and scaling genotypes...done (13ms) 
   -calc working matrices...done (64ms) 
   -calc level 0 ridge...done (4340ms) 
 block [12] : 1000 snps  (16ms) 
   -residualizing and scaling genotypes...done (13ms) 
   -calc working matrices...done (64ms) 
   -calc level 0 ridge...done (4328ms) 
 block [13] : 1000 snps  (15ms) 
   -residualizing and scaling genotypes...done (13ms) 
   -calc working matrices...done (63ms) 
   -calc level 0 ridge...done (4329ms) 
 block [14] : 1000 snps  (16ms) 
   -residualizing and scaling genotypes...done (13ms) 
   -calc working matrices...done (63ms) 
   -calc level 0 ridge...done (4340ms) 
 block [15] : 1000 snps  (16ms) 
   -residualizing and scaling genotypes...done (12ms) 
   -calc working matrices...done (63ms) 
   -calc level 0 ridge...done (4356ms) 
 block [16] : 1000 snps  (15ms) 
   -residualizing and scaling genotypes...done (12ms) 
   -calc working matrices...done (63ms) 
   -calc level 0 ridge...done (4339ms) 
 block [17] : 1000 snps  (15ms) 
   -residualizing and scaling genotypes...done (12ms) 
   -calc working matrices...done (64ms) 
   -calc level 0 ridge...done (4327ms) 
 block [18] : 1000 snps  (15ms) 
   -residualizing and scaling genotypes...done (13ms) 
   -calc working matrices...done (64ms) 
   -calc level 0 ridge...done (4337ms) 
 block [19] : 1000 snps  (16ms) 
   -residualizing and scaling genotypes...done (12ms) 
   -calc working matrices...done (64ms) 
   -calc level 0 ridge...done (4332ms) 
 block [20] : 999 snps  (7ms) 
   -residualizing and scaling genotypes...done (15ms) 
   -calc working matrices...done (63ms) 
   -calc level 0 ridge...done (4420ms) 
Chromosome 2
 block [21] : 1000 snps  (14ms) 
   -residualizing and scaling genotypes...done (18ms) 
   -calc working matrices...done (63ms) 
   -calc level 0 ridge...done (4321ms) 
 block [22] : 1000 snps  (16ms) 
   -residualizing and scaling genotypes...done (12ms) 
   -calc working matrices...done (64ms) 
   -calc level 0 ridge...done (4331ms) 
 block [23] : 1000 snps  (15ms) 
   -residualizing and scaling genotypes...done (12ms) 
   -calc working matrices...done (64ms) 
   -calc level 0 ridge...done (4336ms) 
 block [24] : 1000 snps  (15ms) 
   -residualizing and scaling genotypes...done (12ms) 
   -calc working matrices...done (64ms) 
   -calc level 0 ridge...done (4462ms) 
 block [25] : 1000 snps  (16ms) 
   -residualizing and scaling genotypes...done (15ms) 
   -calc working matrices...done (67ms) 
   -calc level 0 ridge...done (4456ms) 
 block [26] : 1000 snps  (15ms) 
   -residualizing and scaling genotypes...done (12ms) 
   -calc working matrices...done (64ms) 
   -calc level 0 ridge...done (4325ms) 
 block [27] : 1000 snps  (15ms) 
   -residualizing and scaling genotypes...done (14ms) 
   -calc working matrices...done (64ms) 
   -calc level 0 ridge...done (4349ms) 
 block [28] : 1000 snps  (15ms) 
   -residualizing and scaling genotypes...done (12ms) 
   -calc working matrices...done (64ms) 
   -calc level 0 ridge...done (4348ms) 
 block [29] : 1000 snps  (15ms) 
   -residualizing and scaling genotypes...done (13ms) 
   -calc working matrices...done (64ms) 
   -calc level 0 ridge...done (4375ms) 
 block [30] : 1000 snps  (15ms) 
   -residualizing and scaling genotypes...done (12ms) 
   -calc working matrices...done (64ms) 
   -calc level 0 ridge...done (4385ms) 
 block [31] : 1000 snps  (16ms) 
   -residualizing and scaling genotypes...done (12ms) 
   -calc working matrices...done (64ms) 
   -calc level 0 ridge...done (4362ms) 
 block [32] : 1000 snps  (16ms) 
   -residualizing and scaling genotypes...done (12ms) 
   -calc working matrices...done (64ms) 
   -calc level 0 ridge...done (4360ms) 
 block [33] : 1000 snps  (16ms) 
   -residualizing and scaling genotypes...done (13ms) 
   -calc working matrices...done (64ms) 
   -calc level 0 ridge...done (4367ms) 
 block [34] : 1000 snps  (17ms) 
   -residualizing and scaling genotypes...done (12ms) 
   -calc working matrices...done (64ms) 
   -calc level 0 ridge...done (4369ms) 
 block [35] : 1000 snps  (15ms) 
   -residualizing and scaling genotypes...done (13ms) 
   -calc working matrices...done (64ms) 
   -calc level 0 ridge...done (4362ms) 
 block [36] : 1000 snps  (15ms) 
   -residualizing and scaling genotypes...done (12ms) 
   -calc working matrices...done (64ms) 
   -calc level 0 ridge...done (4360ms) 
 block [37] : 1000 snps  (16ms) 
   -residualizing and scaling genotypes...done (13ms) 
   -calc working matrices...done (64ms) 
   -calc level 0 ridge...done (4370ms) 
 block [38] : 1000 snps  (16ms) 
   -residualizing and scaling genotypes...done (13ms) 
   -calc working matrices...done (65ms) 
   -calc level 0 ridge...done (4372ms) 
 block [39] : 1000 snps  (16ms) 
   -residualizing and scaling genotypes...done (13ms) 
   -calc working matrices...done (64ms) 
   -calc level 0 ridge...done (4391ms) 
 block [40] : 1000 snps  (16ms) 
   -residualizing and scaling genotypes...done (12ms) 
   -calc working matrices...done (64ms) 
   -calc level 0 ridge...done (4392ms) 
Chromosome 3
 block [41] : 1000 snps  (16ms) 
   -residualizing and scaling genotypes...done (13ms) 
   -calc working matrices...done (64ms) 
   -calc level 0 ridge...done (4380ms) 
 block [42] : 1000 snps  (15ms) 
   -residualizing and scaling genotypes...done (12ms) 
   -calc working matrices...done (64ms) 
   -calc level 0 ridge...done (4383ms) 
 block [43] : 1000 snps  (15ms) 
   -residualizing and scaling genotypes...done (13ms) 
   -calc working matrices...done (64ms) 
   -calc level 0 ridge...done (4371ms) 
 block [44] : 1000 snps  (16ms) 
   -residualizing and scaling genotypes...done (14ms) 
   -calc working matrices...done (64ms) 
   -calc level 0 ridge...done (4396ms) 
 block [45] : 1000 snps  (15ms) 
   -residualizing and scaling genotypes...done (13ms) 
   -calc working matrices...done (64ms) 
   -calc level 0 ridge...done (4414ms) 
 block [46] : 1000 snps  (16ms) 
   -residualizing and scaling genotypes...done (13ms) 
   -calc working matrices...done (64ms) 
   -calc level 0 ridge...done (4433ms) 
 block [47] : 1000 snps  (16ms) 
   -residualizing and scaling genotypes...done (12ms) 
   -calc working matrices...done (64ms) 
   -calc level 0 ridge...done (4444ms) 
 block [48] : 1000 snps  (16ms) 
   -residualizing and scaling genotypes...done (13ms) 
   -calc working matrices...done (64ms) 
   -calc level 0 ridge...done (4449ms) 
 block [49] : 1000 snps  (16ms) 
   -residualizing and scaling genotypes...done (13ms) 
   -calc working matrices...done (64ms) 
   -calc level 0 ridge...done (4414ms) 
 block [50] : 1000 snps  (16ms) 
   -residualizing and scaling genotypes...done (13ms) 
   -calc working matrices...done (64ms) 
   -calc level 0 ridge...done (4444ms) 
 block [51] : 1000 snps  (14ms) 
   -residualizing and scaling genotypes...done (13ms) 
   -calc working matrices...done (65ms) 
   -calc level 0 ridge...done (4381ms) 
 block [52] : 1000 snps  (15ms) 
   -residualizing and scaling genotypes...done (13ms) 
   -calc working matrices...done (64ms) 
   -calc level 0 ridge...done (4401ms) 
 block [53] : 1000 snps  (15ms) 
   -residualizing and scaling genotypes...done (13ms) 
   -calc working matrices...done (64ms) 
   -calc level 0 ridge...done (4400ms) 
 block [54] : 1000 snps  (15ms) 
   -residualizing and scaling genotypes...done (13ms) 
   -calc working matrices...done (64ms) 
   -calc level 0 ridge...done (4407ms) 
 block [55] : 1000 snps  (16ms) 
   -residualizing and scaling genotypes...done (13ms) 
   -calc working matrices...done (65ms) 
   -calc level 0 ridge...done (4376ms) 
 block [56] : 1000 snps  (15ms) 
   -residualizing and scaling genotypes...done (13ms) 
   -calc working matrices...done (64ms) 
   -calc level 0 ridge...done (4387ms) 
 block [57] : 1000 snps  (16ms) 
   -residualizing and scaling genotypes...done (13ms) 
   -calc working matrices...done (65ms) 
   -calc level 0 ridge...done (4378ms) 
 block [58] : 1000 snps  (16ms) 
   -residualizing and scaling genotypes...done (13ms) 
   -calc working matrices...done (64ms) 
   -calc level 0 ridge...done (4373ms) 
 block [59] : 1000 snps  (16ms) 
   -residualizing and scaling genotypes...done (13ms) 
   -calc working matrices...done (64ms) 
   -calc level 0 ridge...done (4385ms) 
 block [60] : 1000 snps  (16ms) 
   -residualizing and scaling genotypes...done (13ms) 
   -calc working matrices...done (64ms) 
   -calc level 0 ridge...done (4395ms) 
Chromosome 4
 block [61] : 1000 snps  (15ms) 
   -residualizing and scaling genotypes...done (13ms) 
   -calc working matrices...done (65ms) 
   -calc level 0 ridge...done (4365ms) 
 block [62] : 1000 snps  (15ms) 
   -residualizing and scaling genotypes...done (13ms) 
   -calc working matrices...done (64ms) 
   -calc level 0 ridge...done (4376ms) 
 block [63] : 1000 snps  (15ms) 
   -residualizing and scaling genotypes...done (13ms) 
   -calc working matrices...done (65ms) 
   -calc level 0 ridge...done (4379ms) 
 block [64] : 1000 snps  (15ms) 
   -residualizing and scaling genotypes...done (13ms) 
   -calc working matrices...done (64ms) 
   -calc level 0 ridge...done (4398ms) 
 block [65] : 1000 snps  (15ms) 
   -residualizing and scaling genotypes...done (13ms) 
   -calc working matrices...done (65ms) 
   -calc level 0 ridge...done (4406ms) 
 block [66] : 1000 snps  (16ms) 
   -residualizing and scaling genotypes...done (13ms) 
   -calc working matrices...done (64ms) 
   -calc level 0 ridge...done (4373ms) 
 block [67] : 1000 snps  (16ms) 
   -residualizing and scaling genotypes...done (16ms) 
   -calc working matrices...done (66ms) 
   -calc level 0 ridge...done (4376ms) 
 block [68] : 1000 snps  (16ms) 
   -residualizing and scaling genotypes...done (13ms) 
   -calc working matrices...done (64ms) 
   -calc level 0 ridge...done (4368ms) 
 block [69] : 1000 snps  (16ms) 
   -residualizing and scaling genotypes...done (13ms) 
   -calc working matrices...done (64ms) 
   -calc level 0 ridge...done (4361ms) 
 block [70] : 1000 snps  (16ms) 
   -residualizing and scaling genotypes...done (13ms) 
   -calc working matrices...done (64ms) 
   -calc level 0 ridge...done (4399ms) 
 block [71] : 1000 snps  (16ms) 
   -residualizing and scaling genotypes...done (13ms) 
   -calc working matrices...done (64ms) 
   -calc level 0 ridge...done (4386ms) 
 block [72] : 1000 snps  (15ms) 
   -residualizing and scaling genotypes...done (13ms) 
   -calc working matrices...done (64ms) 
   -calc level 0 ridge...done (4369ms) 
 block [73] : 1000 snps  (15ms) 
   -residualizing and scaling genotypes...done (13ms) 
   -calc working matrices...done (64ms) 
   -calc level 0 ridge...done (4384ms) 
 block [74] : 1000 snps  (15ms) 
   -residualizing and scaling genotypes...done (13ms) 
   -calc working matrices...done (64ms) 
   -calc level 0 ridge...done (4377ms) 
 block [75] : 1000 snps  (16ms) 
   -residualizing and scaling genotypes...done (13ms) 
   -calc working matrices...done (64ms) 
   -calc level 0 ridge...done (4382ms) 
 block [76] : 1000 snps  (16ms) 
   -residualizing and scaling genotypes...done (13ms) 
   -calc working matrices...done (64ms) 
   -calc level 0 ridge...done (4385ms) 
 block [77] : 1000 snps  (15ms) 
   -residualizing and scaling genotypes...done (13ms) 
   -calc working matrices...done (64ms) 
   -calc level 0 ridge...done (4363ms) 
 block [78] : 1000 snps  (15ms) 
   -residualizing and scaling genotypes...done (13ms) 
   -calc working matrices...done (64ms) 
   -calc level 0 ridge...done (4378ms) 
 block [79] : 1000 snps  (15ms) 
   -residualizing and scaling genotypes...done (13ms) 
   -calc working matrices...done (65ms) 
   -calc level 0 ridge...done (4363ms) 
 block [80] : 1000 snps  (16ms) 
   -residualizing and scaling genotypes...done (13ms) 
   -calc working matrices...done (64ms) 
   -calc level 0 ridge...done (4382ms) 
Chromosome 5
 block [81] : 1000 snps  (15ms) 
   -residualizing and scaling genotypes...done (13ms) 
   -calc working matrices...done (65ms) 
   -calc level 0 ridge...done (4376ms) 
 block [82] : 1000 snps  (16ms) 
   -residualizing and scaling genotypes...done (13ms) 
   -calc working matrices...done (64ms) 
   -calc level 0 ridge...done (4396ms) 
 block [83] : 1000 snps  (15ms) 
   -residualizing and scaling genotypes...done (13ms) 
   -calc working matrices...done (64ms) 
   -calc level 0 ridge...done (4360ms) 
 block [84] : 1000 snps  (15ms) 
   -residualizing and scaling genotypes...done (13ms) 
   -calc working matrices...done (64ms) 
   -calc level 0 ridge...done (4392ms) 
 block [85] : 1000 snps  (15ms) 
   -residualizing and scaling genotypes...done (13ms) 
   -calc working matrices...done (64ms) 
   -calc level 0 ridge...done (4371ms) 
 block [86] : 1000 snps  (16ms) 
   -residualizing and scaling genotypes...done (15ms) 
   -calc working matrices...done (66ms) 
   -calc level 0 ridge...done (4368ms) 
 block [87] : 1000 snps  (16ms) 
   -residualizing and scaling genotypes...done (14ms) 
   -calc working matrices...done (65ms) 
   -calc level 0 ridge...done (4353ms) 
 block [88] : 1000 snps  (15ms) 
   -residualizing and scaling genotypes...done (13ms) 
   -calc working matrices...done (64ms) 
   -calc level 0 ridge...done (4383ms) 
 block [89] : 1000 snps  (16ms) 
   -residualizing and scaling genotypes...done (14ms) 
   -calc working matrices...done (64ms) 
   -calc level 0 ridge...done (4370ms) 
 block [90] : 1000 snps  (16ms) 
   -residualizing and scaling genotypes...done (13ms) 
   -calc working matrices...done (64ms) 
   -calc level 0 ridge...done (4366ms) 
 block [91] : 1000 snps  (15ms) 
   -residualizing and scaling genotypes...done (13ms) 
   -calc working matrices...done (64ms) 
   -calc level 0 ridge...done (4369ms) 
 block [92] : 1000 snps  (15ms) 
   -residualizing and scaling genotypes...done (13ms) 
   -calc working matrices...done (64ms) 
   -calc level 0 ridge...done (4403ms) 
 block [93] : 1000 snps  (16ms) 
   -residualizing and scaling genotypes...done (13ms) 
   -calc working matrices...done (65ms) 
   -calc level 0 ridge...done (4394ms) 
 block [94] : 1000 snps  (16ms) 
   -residualizing and scaling genotypes...done (13ms) 
   -calc working matrices...done (64ms) 
   -calc level 0 ridge...done (4374ms) 
 block [95] : 1000 snps  (16ms) 
   -residualizing and scaling genotypes...done (14ms) 
   -calc working matrices...done (69ms) 
   -calc level 0 ridge...done (4394ms) 
 block [96] : 1000 snps  (17ms) 
   -residualizing and scaling genotypes...done (15ms) 
   -calc working matrices...done (67ms) 
   -calc level 0 ridge...done (4409ms) 
 block [97] : 1000 snps  (15ms) 
   -residualizing and scaling genotypes...done (14ms) 
   -calc working matrices...done (65ms) 
   -calc level 0 ridge...done (4406ms) 
 block [98] : 1000 snps  (15ms) 
   -residualizing and scaling genotypes...done (13ms) 
   -calc working matrices...done (65ms) 
   -calc level 0 ridge...done (4400ms) 
 block [99] : 1000 snps  (16ms) 
   -residualizing and scaling genotypes...done (13ms) 
   -calc working matrices...done (68ms) 
   -calc level 0 ridge...done (4381ms) 
 block [100] : 1000 snps  (15ms) 
   -residualizing and scaling genotypes...done (13ms) 
   -calc working matrices...done (64ms) 
   -calc level 0 ridge...done (4414ms) 
Chromosome 6
 block [101] : 1 snps  (0ms) 
   -residualizing and scaling genotypes...done (0ms) 
   -calc working matrices...done (3ms) 
   -calc level 0 ridge...done (1ms) 

 Level 1 ridge...
   -on phenotype 1 (Y1)...done (370ms) 
   -on phenotype 2 (Y2)...done (365ms) 
   -on phenotype 3 (Y3)...done (365ms) 
   -on phenotype 4 (Y4)...done (366ms) 
   -on phenotype 5 (Y5)...done (365ms) 
   -on phenotype 6 (Y6)...done (365ms) 
   -on phenotype 7 (Y7)...done (364ms) 
   -on phenotype 8 (Y8)...done (363ms) 
   -on phenotype 9 (Y9)...done (365ms) 
   -on phenotype 10 (Y10)...done (366ms) 
   -on phenotype 11 (Y11)...done (365ms) 
   -on phenotype 12 (Y12)...done (367ms) 
   -on phenotype 13 (Y13)...done (365ms) 

Output
------
phenotype 1 (Y1) : 
  0.01  : Rsq = 0.017706, MSE = 0.989764
  0.25  : Rsq = 0.0219758, MSE = 0.985332
  0.5   : Rsq = 0.0277343, MSE = 0.983264<- min value
  0.75  : Rsq = 0.0327928, MSE = 0.985336
  0.99  : Rsq = 0.0359786, MSE = 1.00721
  * making predictions...writing LOCO predictions...done (59ms) 

phenotype 2 (Y2) : 
  0.01  : Rsq = 0.0196092, MSE = 0.989161
  0.25  : Rsq = 0.0220082, MSE = 0.984679<- min value
  0.5   : Rsq = 0.0257477, MSE = 0.985764
  0.75  : Rsq = 0.0282899, MSE = 0.992307
  0.99  : Rsq = 0.0288114, MSE = 1.02103
  * making predictions...writing LOCO predictions...done (58ms) 

phenotype 3 (Y3) : 
  0.01  : Rsq = 0.0147199, MSE = 0.991137<- min value
  0.25  : Rsq = 0.0162597, MSE = 0.993822
  0.5   : Rsq = 0.017327, MSE = 0.999865
  0.75  : Rsq = 0.0175534, MSE = 1.01025
  0.99  : Rsq = 0.0167171, MSE = 1.04016
  * making predictions...writing LOCO predictions...done (58ms) 

phenotype 4 (Y4) : 
  0.01  : Rsq = 0.0250456, MSE = 0.987602
  0.25  : Rsq = 0.0319401, MSE = 0.97281<- min value
  0.5   : Rsq = 0.0364775, MSE = 0.97301
  0.75  : Rsq = 0.0390492, MSE = 0.978548
  0.99  : Rsq = 0.038419, MSE = 1.0054
  * making predictions...writing LOCO predictions...done (58ms) 

phenotype 5 (Y5) : 
  0.01  : Rsq = 0.0215859, MSE = 0.98842
  0.25  : Rsq = 0.0221891, MSE = 0.985505<- min value
  0.5   : Rsq = 0.0239758, MSE = 0.989987
  0.75  : Rsq = 0.0246932, MSE = 0.998986
  0.99  : Rsq = 0.0233904, MSE = 1.02848
  * making predictions...writing LOCO predictions...done (58ms) 

phenotype 6 (Y6) : 
  0.01  : Rsq = 0.0223701, MSE = 0.988178
  0.25  : Rsq = 0.0255523, MSE = 0.980908<- min value
  0.5   : Rsq = 0.0295378, MSE = 0.981601
  0.75  : Rsq = 0.0325117, MSE = 0.986241
  0.99  : Rsq = 0.0327418, MSE = 1.01109
  * making predictions...writing LOCO predictions...done (59ms) 

phenotype 7 (Y7) : 
  0.01  : Rsq = 0.0290132, MSE = 0.985682
  0.25  : Rsq = 0.0309993, MSE = 0.974493<- min value
  0.5   : Rsq = 0.0333434, MSE = 0.977853
  0.75  : Rsq = 0.0337548, MSE = 0.986743
  0.99  : Rsq = 0.031184, MSE = 1.01529
  * making predictions...writing LOCO predictions...done (58ms) 

phenotype 8 (Y8) : 
  0.01  : Rsq = 0.0182859, MSE = 0.989429<- min value
  0.25  : Rsq = 0.0191106, MSE = 0.990771
  0.5   : Rsq = 0.0212401, MSE = 0.995026
  0.75  : Rsq = 0.0225328, MSE = 1.00311
  0.99  : Rsq = 0.0225063, MSE = 1.02868
  * making predictions...writing LOCO predictions...done (58ms) 

phenotype 9 (Y9) : 
  0.01  : Rsq = 0.0241927, MSE = 0.987266
  0.25  : Rsq = 0.026189, MSE = 0.980777<- min value
  0.5   : Rsq = 0.0298498, MSE = 0.982516
  0.75  : Rsq = 0.03217, MSE = 0.989044
  0.99  : Rsq = 0.0320745, MSE = 1.01456
  * making predictions...writing LOCO predictions...done (58ms) 

phenotype 10 (Y10) : 
  0.01  : Rsq = 0.0284044, MSE = 0.985969
  0.25  : Rsq = 0.0315176, MSE = 0.973888<- min value
  0.5   : Rsq = 0.0346339, MSE = 0.975843
  0.75  : Rsq = 0.0360557, MSE = 0.982477
  0.99  : Rsq = 0.0344635, MSE = 1.00842
  * making predictions...writing LOCO predictions...done (58ms) 

phenotype 11 (Y11) : 
  0.01  : Rsq = 0.0255025, MSE = 0.986868
  0.25  : Rsq = 0.02951, MSE = 0.976486<- min value
  0.5   : Rsq = 0.033593, MSE = 0.977583
  0.75  : Rsq = 0.0360473, MSE = 0.983784
  0.99  : Rsq = 0.0362312, MSE = 1.00889
  * making predictions...writing LOCO predictions...done (58ms) 

phenotype 12 (Y12) : 
  0.01  : Rsq = 0.0266026, MSE = 0.98661
  0.25  : Rsq = 0.0303992, MSE = 0.975256
  0.5   : Rsq = 0.0350761, MSE = 0.974968<- min value
  0.75  : Rsq = 0.0385317, MSE = 0.978445
  0.99  : Rsq = 0.0391293, MSE = 1.00033
  * making predictions...writing LOCO predictions...done (58ms) 

phenotype 13 (Y13) : 
  0.01  : Rsq = 0.016637, MSE = 0.990219
  0.25  : Rsq = 0.0192398, MSE = 0.989168<- min value
  0.5   : Rsq = 0.0224252, MSE = 0.991268
  0.75  : Rsq = 0.0247163, MSE = 0.997514
  0.99  : Rsq = 0.0253691, MSE = 1.02196
  * making predictions...writing LOCO predictions...done (58ms) 

List of blup files written to: [regenie_step1_out_pred.list]

Elapsed time : 452.954s
End time: Tue Jun 11 16:25:16 2024

