Jun-12 16:23:17.570 [main] DEBUG nextflow.cli.Launcher - $> nextflow run main_1.nf -c nextflow.config -profile docker
Jun-12 16:23:17.656 [main] DEBUG nextflow.cli.CmdRun - N E X T F L O W  ~  version 24.04.2
Jun-12 16:23:17.674 [main] DEBUG nextflow.plugin.PluginsFacade - Setting up plugin manager > mode=prod; embedded=false; plugins-dir=/root/.nextflow/plugins; core-plugins: nf-amazon@2.5.2,nf-azure@1.6.0,nf-cloudcache@0.4.1,nf-codecommit@0.2.0,nf-console@1.1.3,nf-ga4gh@1.3.0,nf-google@1.13.2,nf-tower@1.9.1,nf-wave@1.4.2
Jun-12 16:23:17.683 [main] INFO  o.pf4j.DefaultPluginStatusProvider - Enabled plugins: []
Jun-12 16:23:17.684 [main] INFO  o.pf4j.DefaultPluginStatusProvider - Disabled plugins: []
Jun-12 16:23:17.687 [main] INFO  org.pf4j.DefaultPluginManager - PF4J version 3.10.0 in 'deployment' mode
Jun-12 16:23:17.698 [main] INFO  org.pf4j.AbstractPluginManager - No plugins
Jun-12 16:23:17.715 [main] DEBUG nextflow.config.ConfigBuilder - Found config local: /home/ec2-user/GWAS/nf-gwas/scripts/gwas_nf/Nextflow_Scripts/nextflow.config
Jun-12 16:23:17.718 [main] DEBUG nextflow.config.ConfigBuilder - User config file: /home/ec2-user/GWAS/nf-gwas/scripts/gwas_nf/Nextflow_Scripts/nextflow.config
Jun-12 16:23:17.719 [main] DEBUG nextflow.config.ConfigBuilder - Parsing config file: /home/ec2-user/GWAS/nf-gwas/scripts/gwas_nf/Nextflow_Scripts/nextflow.config
Jun-12 16:23:17.720 [main] DEBUG nextflow.config.ConfigBuilder - Parsing config file: /home/ec2-user/GWAS/nf-gwas/scripts/gwas_nf/Nextflow_Scripts/nextflow.config
Jun-12 16:23:17.744 [main] DEBUG n.secret.LocalSecretsProvider - Secrets store: /root/.nextflow/secrets/store.json
Jun-12 16:23:17.747 [main] DEBUG nextflow.secret.SecretsLoader - Discovered secrets providers: [nextflow.secret.LocalSecretsProvider@66f659e6] - activable => nextflow.secret.LocalSecretsProvider@66f659e6
Jun-12 16:23:17.752 [main] DEBUG nextflow.config.ConfigBuilder - Applying config profile: `docker`
Jun-12 16:23:18.449 [main] DEBUG nextflow.config.ConfigBuilder - Applying config profile: `docker`
Jun-12 16:23:18.567 [main] DEBUG nextflow.config.ConfigBuilder - Available config profiles: [slurm, development, debug, test, singularity, docker, slurm_with_scratch]
Jun-12 16:23:18.596 [main] DEBUG nextflow.cli.CmdRun - Applied DSL=2 from script declaration
Jun-12 16:23:18.615 [main] DEBUG nextflow.cli.CmdRun - Launching `main_1.nf` [sleepy_edison] DSL2 - revision: 04fe15a8a3
Jun-12 16:23:18.617 [main] DEBUG nextflow.plugin.PluginsFacade - Plugins declared=[nf-validation]
Jun-12 16:23:18.618 [main] DEBUG nextflow.plugin.PluginsFacade - Plugins default=[]
Jun-12 16:23:18.618 [main] DEBUG nextflow.plugin.PluginsFacade - Plugins resolved requirement=[nf-validation]
Jun-12 16:23:18.618 [main] DEBUG nextflow.plugin.PluginUpdater - Installing plugin nf-validation version: latest
Jun-12 16:23:18.815 [main] INFO  org.pf4j.AbstractPluginManager - Plugin 'nf-validation@1.1.3' resolved
Jun-12 16:23:18.815 [main] INFO  org.pf4j.AbstractPluginManager - Start plugin 'nf-validation@1.1.3'
Jun-12 16:23:18.820 [main] DEBUG nextflow.plugin.BasePlugin - Plugin started nf-validation@1.1.3
Jun-12 16:23:18.868 [main] DEBUG nextflow.Session - Session UUID: 763b2d2f-ef79-4d38-9bea-e8c4f7c9cbe7
Jun-12 16:23:18.869 [main] DEBUG nextflow.Session - Run name: sleepy_edison
Jun-12 16:23:18.869 [main] DEBUG nextflow.Session - Executor pool size: 48
Jun-12 16:23:18.876 [main] DEBUG nextflow.file.FilePorter - File porter settings maxRetries=3; maxTransfers=50; pollTimeout=null
Jun-12 16:23:18.880 [main] DEBUG nextflow.util.ThreadPoolBuilder - Creating thread pool 'FileTransfer' minSize=10; maxSize=144; workQueue=LinkedBlockingQueue[10000]; allowCoreThreadTimeout=false
Jun-12 16:23:18.897 [main] DEBUG nextflow.cli.CmdRun - 
  Version: 24.04.2 build 5914
  Created: 29-05-2024 06:19 UTC 
  System: Linux 5.10.210-201.852.amzn2.x86_64
  Runtime: Groovy 4.0.21 on OpenJDK 64-Bit Server VM 11.0.22+7-LTS
  Encoding: UTF-8 (UTF-8)
  Process: 31486@ip-172-31-24-234.ap-southeast-1.compute.internal [172.31.24.234]
  CPUs: 48 - Mem: 92.8 GB (80 GB) - Swap: 0 (0)
Jun-12 16:23:18.912 [main] DEBUG nextflow.Session - Work-dir: /home/ec2-user/GWAS/nf-gwas/scripts/gwas_nf/Nextflow_Scripts/work [xfs]
Jun-12 16:23:18.926 [main] DEBUG nextflow.executor.ExecutorFactory - Extension executors providers=[]
Jun-12 16:23:18.934 [main] DEBUG nextflow.Session - Observer factory: DefaultObserverFactory
Jun-12 16:23:18.974 [main] DEBUG nextflow.cache.CacheFactory - Using Nextflow cache factory: nextflow.cache.DefaultCacheFactory
Jun-12 16:23:18.984 [main] DEBUG nextflow.util.CustomThreadPool - Creating default thread pool > poolSize: 49; maxThreads: 1000
Jun-12 16:23:19.039 [main] DEBUG nextflow.Session - Session start
Jun-12 16:23:19.044 [main] DEBUG nextflow.Session - Using default localLib path: /home/ec2-user/GWAS/nf-gwas/scripts/gwas_nf/Nextflow_Scripts/lib
Jun-12 16:23:19.046 [main] DEBUG nextflow.Session - Adding to the classpath library: /home/ec2-user/GWAS/nf-gwas/scripts/gwas_nf/Nextflow_Scripts/lib
Jun-12 16:23:19.260 [main] DEBUG nextflow.script.ScriptRunner - > Launching execution
Jun-12 16:23:19.270 [main] DEBUG nextflow.script.IncludeDef - Loading included plugin extensions with names: [validateParameters:validateParameters, paramsHelp:paramsHelp, paramsSummaryLog:paramsSummaryLog]; plugin Id: nf-validation
Jun-12 16:23:19.285 [main] DEBUG nextflow.validation.SchemaValidator - Starting parameters validation
Jun-12 16:23:19.407 [main] DEBUG nextflow.validation.SchemaValidator - Finishing parameters validation
Jun-12 16:23:19.411 [main] INFO  nextflow.Nextflow - [1mCore Nextflow options[0m
  [0;34mrunName                     : [0;32msleepy_edison[0m
  [0;34mcontainerEngine             : [0;32mdocker[0m
  [0;34mcontainer                   : [0;32mquay.io/genepi/nf-gwas:v1.0.8[0m
  [0;34mlaunchDir                   : [0;32m/home/ec2-user/GWAS/nf-gwas/scripts/gwas_nf/Nextflow_Scripts[0m
  [0;34mworkDir                     : [0;32m/home/ec2-user/GWAS/nf-gwas/scripts/gwas_nf/Nextflow_Scripts/work[0m
  [0;34mprojectDir                  : [0;32m/home/ec2-user/GWAS/nf-gwas/scripts/gwas_nf/Nextflow_Scripts[0m
  [0;34muserName                    : [0;32mroot[0m
  [0;34mprofile                     : [0;32mdocker[0m
  [0;34mconfigFiles                 : [0;32m[0m

[1mInput/output options[0m
  [0;34moutdir                      : [0;32m/home/ec2-user/GWAS/nf-gwas/scripts/gwas_nf/Nextflow_Scripts/outdir_1[0m

[1mAll Tests[0m
  [0;34mproject                     : [0;32mtest[0m
  [0;34mgenotypes_association       : [0;32m/home/ec2-user/GWAS/nf-gwas/scripts/gwas_nf/Nextflow_Scripts/tests/input/pipeline/example_hg38.vcf.gz[0m
  [0;34massociation_build           : [0;32mhg38[0m
  [0;34mphenotypes_filename         : [0;32m/home/ec2-user/GWAS/nf-gwas/scripts/gwas_nf/Nextflow_Scripts/tests/input/pipeline/phenotype.txt[0m
  [0;34mphenotypes_columns          : [0;32mY1,Y2[0m

[1mSingle-variant tests only[0m
  [0;34mregenie_min_imputation_score: [0;32m0.00[0m

[1mGeneral options[0m
  [0;34mvalidate_params             : [0;32mtrue[0m

[1mR report[0m
  [0;34mplot_ylimit                 : [0;32m0[0m

[1mOther options[0m
  [0;34mgenotypes_build             : [0;32mhg38[0m
  [0;34mrsids_filename              : [0;32m/home/ec2-user/GWAS/nf-gwas/scripts/gwas_nf/Nextflow_Scripts/tests/input/pipeline/rsids.tsv.gz[0m
  [0;34mgenotypes_array             : [0;32m/home/ec2-user/GWAS/nf-gwas/scripts/gwas_nf/Nextflow_Scripts/tests/input/pipeline/example.{bim,bed,fam}[0m
  [0;34mgenotypes_imputed           : [0;32m/home/ec2-user/GWAS/nf-gwas/scripts/gwas_nf/Nextflow_Scripts/tests/input/pipeline/1000g_lpa_hg38.vcf.gz[0m
  [0;34mgenotypes_imputed_format    : [0;32mvcf[0m

!! Only displaying parameters that differ from the pipeline defaults !!
-[2m----------------------------------------------------[0m-
Jun-12 16:23:22.285 [main] INFO  nextflow.script.BaseScript - [33mWARN: Option genotypes_imputed is deprecated. Please use genotypes_association instead.[0m
Jun-12 16:23:22.285 [main] INFO  nextflow.script.BaseScript - [33mWARN: Option genotypes_imputed_format is deprecated. Please use genotypes_association_format instead.[0m
Jun-12 16:23:22.286 [main] INFO  nextflow.script.BaseScript - [33mWARN: Option genotypes_array is deprecated. Please use genotypes_prediction instead.[0m
Jun-12 16:23:22.286 [main] INFO  nextflow.script.BaseScript - [33mWARN: Option genotypes_build is deprecated. Please use association_build instead.[0m
Jun-12 16:23:22.389 [main] DEBUG nextflow.script.ProcessConfig - Config settings `withName:VALIDATE_PHENOTYPES` matches process NF_GWAS:SINGLE_VARIANT_TESTS:INPUT_VALIDATION:VALIDATE_PHENOTYPES
Jun-12 16:23:22.397 [main] DEBUG nextflow.executor.ExecutorFactory - << taskConfig executor: null
Jun-12 16:23:22.397 [main] DEBUG nextflow.executor.ExecutorFactory - >> processorType: 'local'
Jun-12 16:23:22.403 [main] DEBUG nextflow.executor.Executor - [warm up] executor > local
Jun-12 16:23:22.407 [main] DEBUG n.processor.LocalPollingMonitor - Creating local task monitor for executor 'local' > cpus=48; memory=92.8 GB; capacity=48; pollInterval=100ms; dumpInterval=5m
Jun-12 16:23:22.409 [main] DEBUG n.processor.TaskPollingMonitor - >>> barrier register (monitor: local)
Jun-12 16:23:22.472 [main] DEBUG nextflow.script.ProcessConfig - Config settings `withName:IMPUTED_TO_PLINK2` matches process NF_GWAS:SINGLE_VARIANT_TESTS:IMPUTED_TO_PLINK2
Jun-12 16:23:22.478 [main] DEBUG nextflow.executor.ExecutorFactory - << taskConfig executor: null
Jun-12 16:23:22.478 [main] DEBUG nextflow.executor.ExecutorFactory - >> processorType: 'local'
Jun-12 16:23:22.488 [main] DEBUG nextflow.script.ProcessConfig - Config settings `withName:QC_FILTER_GENOTYPED` matches process NF_GWAS:SINGLE_VARIANT_TESTS:QUALITY_CONTROL:QC_FILTER_GENOTYPED
Jun-12 16:23:22.491 [main] DEBUG nextflow.executor.ExecutorFactory - << taskConfig executor: null
Jun-12 16:23:22.491 [main] DEBUG nextflow.executor.ExecutorFactory - >> processorType: 'local'
Jun-12 16:23:22.517 [main] DEBUG nextflow.script.ProcessConfig - Config settings `withName:REGENIE_STEP1_RUN` matches process NF_GWAS:SINGLE_VARIANT_TESTS:REGENIE:REGENIE_STEP1:REGENIE_STEP1_RUN
Jun-12 16:23:22.519 [main] DEBUG nextflow.executor.ExecutorFactory - << taskConfig executor: null
Jun-12 16:23:22.519 [main] DEBUG nextflow.executor.ExecutorFactory - >> processorType: 'local'
Jun-12 16:23:22.524 [main] DEBUG nextflow.script.ProcessConfig - Config settings `withName:REGENIE_LOG_PARSER_STEP1` matches process NF_GWAS:SINGLE_VARIANT_TESTS:REGENIE:REGENIE_STEP1:REGENIE_LOG_PARSER_STEP1
Jun-12 16:23:22.526 [main] DEBUG nextflow.executor.ExecutorFactory - << taskConfig executor: null
Jun-12 16:23:22.526 [main] DEBUG nextflow.executor.ExecutorFactory - >> processorType: 'local'
Jun-12 16:23:22.546 [main] DEBUG nextflow.script.ProcessConfig - Config settings `withName:REGENIE_STEP2_RUN` matches process NF_GWAS:SINGLE_VARIANT_TESTS:REGENIE:REGENIE_STEP2:REGENIE_STEP2_RUN
Jun-12 16:23:22.549 [main] DEBUG nextflow.executor.ExecutorFactory - << taskConfig executor: null
Jun-12 16:23:22.549 [main] DEBUG nextflow.executor.ExecutorFactory - >> processorType: 'local'
Jun-12 16:23:22.557 [main] DEBUG nextflow.script.ProcessConfig - Config settings `withName:REGENIE_LOG_PARSER_STEP2` matches process NF_GWAS:SINGLE_VARIANT_TESTS:REGENIE:REGENIE_STEP2:REGENIE_LOG_PARSER_STEP2
Jun-12 16:23:22.558 [main] DEBUG nextflow.executor.ExecutorFactory - << taskConfig executor: null
Jun-12 16:23:22.558 [main] DEBUG nextflow.executor.ExecutorFactory - >> processorType: 'local'
Jun-12 16:23:22.567 [main] DEBUG nextflow.script.ProcessConfig - Config settings `withName:ANNOTATE_RESULTS` matches process NF_GWAS:SINGLE_VARIANT_TESTS:ANNOTATION:ANNOTATE_RESULTS
Jun-12 16:23:22.569 [main] DEBUG nextflow.executor.ExecutorFactory - << taskConfig executor: null
Jun-12 16:23:22.569 [main] DEBUG nextflow.executor.ExecutorFactory - >> processorType: 'local'
Jun-12 16:23:22.584 [main] DEBUG nextflow.script.ProcessConfig - Config settings `withName:MERGE_RESULTS` matches process NF_GWAS:SINGLE_VARIANT_TESTS:MERGE_RESULTS
Jun-12 16:23:22.586 [main] DEBUG nextflow.executor.ExecutorFactory - << taskConfig executor: null
Jun-12 16:23:22.586 [main] DEBUG nextflow.executor.ExecutorFactory - >> processorType: 'local'
Jun-12 16:23:22.592 [main] DEBUG nextflow.script.ProcessConfig - Config settings `withName:FILTER_RESULTS` matches process NF_GWAS:SINGLE_VARIANT_TESTS:FILTER_RESULTS
Jun-12 16:23:22.593 [main] DEBUG nextflow.executor.ExecutorFactory - << taskConfig executor: null
Jun-12 16:23:22.593 [main] DEBUG nextflow.executor.ExecutorFactory - >> processorType: 'local'
Jun-12 16:23:22.619 [main] DEBUG nextflow.script.ProcessConfig - Config settings `withName:REPORT` matches process NF_GWAS:SINGLE_VARIANT_TESTS:REPORTING:REPORT
Jun-12 16:23:22.621 [main] DEBUG nextflow.executor.ExecutorFactory - << taskConfig executor: null
Jun-12 16:23:22.621 [main] DEBUG nextflow.executor.ExecutorFactory - >> processorType: 'local'
Jun-12 16:23:22.635 [main] DEBUG nextflow.script.ProcessConfig - Config settings `withName:REPORT_INDEX` matches process NF_GWAS:SINGLE_VARIANT_TESTS:REPORTING:REPORT_INDEX
Jun-12 16:23:22.637 [main] DEBUG nextflow.executor.ExecutorFactory - << taskConfig executor: null
Jun-12 16:23:22.637 [main] DEBUG nextflow.executor.ExecutorFactory - >> processorType: 'local'
Jun-12 16:23:22.640 [main] DEBUG nextflow.Session - Workflow process names [dsl2]: COMBINE_MANIFEST_FILES, REGENIE_STEP1_SPLIT, NF_GWAS:SINGLE_VARIANT_TESTS:REPORTING:REPORT_INDEX, REGENIE_STEP1_MERGE_CHUNKS, REPORT_GENE_BASED_TESTS, FILTER_RESULTS, NF_GWAS:SINGLE_VARIANT_TESTS:REGENIE:REGENIE_STEP1:REGENIE_STEP1_RUN, IMPUTED_TO_PLINK2, MERGE_RESULTS, NF_GWAS:SINGLE_VARIANT_TESTS:REGENIE:REGENIE_STEP2:REGENIE_STEP2_RUN, VALIDATE_PHENOTYPES, NF_GWAS:SINGLE_VARIANT_TESTS:ANNOTATION:ANNOTATE_RESULTS, LIFTOVER_RESULTS, REGENIE_STEP1_RUN, PRUNE_GENOTYPED, CHUNK_ASSOCIATION_FILES, VALIDATE_COVARIATES, NF_GWAS:SINGLE_VARIANT_TESTS:QUALITY_CONTROL:QC_FILTER_GENOTYPED, REGENIE_LOG_PARSER_STEP1, REGENIE_LOG_PARSER_STEP2, QC_FILTER_GENOTYPED, REPORT_INDEX, REGENIE_STEP2_RUN, REPORT, DOWNLOAD_RSIDS, NF_GWAS:SINGLE_VARIANT_TESTS:MERGE_RESULTS, ANNOTATE_RESULTS, NF_GWAS:SINGLE_VARIANT_TESTS:REPORTING:REPORT, NF_GWAS:SINGLE_VARIANT_TESTS:REGENIE:REGENIE_STEP1:REGENIE_LOG_PARSER_STEP1, REGENIE_STEP2_RUN_GENE_TESTS, REGENIE_STEP1_RUN_CHUNK, NF_GWAS:SINGLE_VARIANT_TESTS:REGENIE:REGENIE_STEP2:REGENIE_LOG_PARSER_STEP2, NF_GWAS:SINGLE_VARIANT_TESTS:FILTER_RESULTS, NF_GWAS:SINGLE_VARIANT_TESTS:INPUT_VALIDATION:VALIDATE_PHENOTYPES, NF_GWAS:SINGLE_VARIANT_TESTS:IMPUTED_TO_PLINK2
Jun-12 16:23:22.649 [main] DEBUG nextflow.Session - Igniting dataflow network (24)
Jun-12 16:23:22.657 [PathVisitor-1] DEBUG nextflow.file.PathVisitor - files for syntax: glob; folder: /home/ec2-user/GWAS/nf-gwas/scripts/gwas_nf/Nextflow_Scripts/tests/input/pipeline/; pattern: example.{bim,bed,fam}; options: [checkIfExists:true]
Jun-12 16:23:22.668 [main] DEBUG nextflow.processor.TaskProcessor - Starting process > NF_GWAS:SINGLE_VARIANT_TESTS:INPUT_VALIDATION:VALIDATE_PHENOTYPES
Jun-12 16:23:22.671 [main] DEBUG nextflow.processor.TaskProcessor - Starting process > NF_GWAS:SINGLE_VARIANT_TESTS:IMPUTED_TO_PLINK2
Jun-12 16:23:22.671 [main] DEBUG nextflow.processor.TaskProcessor - Starting process > NF_GWAS:SINGLE_VARIANT_TESTS:QUALITY_CONTROL:QC_FILTER_GENOTYPED
Jun-12 16:23:22.674 [main] DEBUG nextflow.processor.TaskProcessor - Starting process > NF_GWAS:SINGLE_VARIANT_TESTS:REGENIE:REGENIE_STEP1:REGENIE_STEP1_RUN
Jun-12 16:23:22.675 [main] DEBUG nextflow.processor.TaskProcessor - Starting process > NF_GWAS:SINGLE_VARIANT_TESTS:REGENIE:REGENIE_STEP1:REGENIE_LOG_PARSER_STEP1
Jun-12 16:23:22.676 [main] DEBUG nextflow.processor.TaskProcessor - Starting process > NF_GWAS:SINGLE_VARIANT_TESTS:REGENIE:REGENIE_STEP2:REGENIE_STEP2_RUN
Jun-12 16:23:22.677 [main] DEBUG nextflow.processor.TaskProcessor - Starting process > NF_GWAS:SINGLE_VARIANT_TESTS:REGENIE:REGENIE_STEP2:REGENIE_LOG_PARSER_STEP2
Jun-12 16:23:22.678 [main] DEBUG nextflow.processor.TaskProcessor - Starting process > NF_GWAS:SINGLE_VARIANT_TESTS:ANNOTATION:ANNOTATE_RESULTS
Jun-12 16:23:22.679 [main] DEBUG nextflow.processor.TaskProcessor - Starting process > NF_GWAS:SINGLE_VARIANT_TESTS:MERGE_RESULTS
Jun-12 16:23:22.679 [main] DEBUG nextflow.processor.TaskProcessor - Starting process > NF_GWAS:SINGLE_VARIANT_TESTS:FILTER_RESULTS
Jun-12 16:23:22.679 [main] DEBUG nextflow.processor.TaskProcessor - Starting process > NF_GWAS:SINGLE_VARIANT_TESTS:REPORTING:REPORT
Jun-12 16:23:22.679 [main] DEBUG nextflow.processor.TaskProcessor - Starting process > NF_GWAS:SINGLE_VARIANT_TESTS:REPORTING:REPORT_INDEX
Jun-12 16:23:22.681 [main] DEBUG nextflow.script.ScriptRunner - Parsed script files:
  Script_da7a07aef5313a71: /home/ec2-user/GWAS/nf-gwas/scripts/gwas_nf/Nextflow_Scripts/./workflows/././../modules/local/chunking/combine_manifest_files.nf
  Script_15a59546ef65518e: /home/ec2-user/GWAS/nf-gwas/scripts/gwas_nf/Nextflow_Scripts/./workflows/././regenie/./../../modules/local/regenie/regenie_log_parser_step1.nf
  Script_efd4c9941fd49b22: /home/ec2-user/GWAS/nf-gwas/scripts/gwas_nf/Nextflow_Scripts/./workflows/././regenie/./../../modules/local/regenie/regenie_step1_run.nf
  Script_e5d7a166132484b0: /home/ec2-user/GWAS/nf-gwas/scripts/gwas_nf/Nextflow_Scripts/./workflows/././regenie/./../../modules/local/regenie/regenie_step2_run.nf
  Script_ea8a750cbb3524c0: /home/ec2-user/GWAS/nf-gwas/scripts/gwas_nf/Nextflow_Scripts/./workflows/././../modules/local/chunking/chunk_association_files.nf
  Script_230f902c4b641bd8: /home/ec2-user/GWAS/nf-gwas/scripts/gwas_nf/Nextflow_Scripts/./workflows/nf_gwas.nf
  Script_5a8cd2731c1816ea: /home/ec2-user/GWAS/nf-gwas/scripts/gwas_nf/Nextflow_Scripts/./workflows/././regenie/./regenie_step2.nf
  Script_16172314a3090d3a: /home/ec2-user/GWAS/nf-gwas/scripts/gwas_nf/Nextflow_Scripts/./workflows/././pruning.nf
  Script_2a29f773dd02c57a: /home/ec2-user/GWAS/nf-gwas/scripts/gwas_nf/Nextflow_Scripts/./workflows/./../modules/local/merge_results.nf
  Script_e94411f46428272a: /home/ec2-user/GWAS/nf-gwas/scripts/gwas_nf/Nextflow_Scripts/./workflows/./gene_based_tests.nf
  Script_9e383825f3c088c9: /home/ec2-user/GWAS/nf-gwas/scripts/gwas_nf/Nextflow_Scripts/./workflows/././annotation.nf
  Script_a5652591944dc8f6: /home/ec2-user/GWAS/nf-gwas/scripts/gwas_nf/Nextflow_Scripts/./workflows/./single_variant_tests.nf
  Script_077d9c3c617d7bea: /home/ec2-user/GWAS/nf-gwas/scripts/gwas_nf/Nextflow_Scripts/./workflows/././regenie/./../../modules/local/regenie/regenie_log_parser_step2.nf
  Script_a99eeb03167b6384: /home/ec2-user/GWAS/nf-gwas/scripts/gwas_nf/Nextflow_Scripts/./workflows/././quality_control.nf
  Script_f50d260e0ee0c4f1: /home/ec2-user/GWAS/nf-gwas/scripts/gwas_nf/Nextflow_Scripts/./workflows/././reporting.nf
  Script_03143ee59f92cbc6: /home/ec2-user/GWAS/nf-gwas/scripts/gwas_nf/Nextflow_Scripts/./workflows/././../modules/local/reporting/report_index.nf
  Script_67d0694fd6cbf130: /home/ec2-user/GWAS/nf-gwas/scripts/gwas_nf/Nextflow_Scripts/./workflows/././../modules/local/input_validation/validate_phenotypes.nf
  Script_30dc6fbc8bc2c1ef: /home/ec2-user/GWAS/nf-gwas/scripts/gwas_nf/Nextflow_Scripts/./workflows/./../modules/local/filter_results.nf
  Script_b5be466539a5ccf5: /home/ec2-user/GWAS/nf-gwas/scripts/gwas_nf/Nextflow_Scripts/./workflows/./../modules/local/imputed_to_plink2.nf
  Script_daa54123b5542f3f: /home/ec2-user/GWAS/nf-gwas/scripts/gwas_nf/Nextflow_Scripts/./workflows/././input_validation.nf
  Script_ca34108566b84243: /home/ec2-user/GWAS/nf-gwas/scripts/gwas_nf/Nextflow_Scripts/./workflows/././regenie/regenie.nf
  Script_0cd50b096919322b: /home/ec2-user/GWAS/nf-gwas/scripts/gwas_nf/Nextflow_Scripts/./workflows/././../modules/local/reporting/report.nf
  Script_0a0343ec3295ec7a: /home/ec2-user/GWAS/nf-gwas/scripts/gwas_nf/Nextflow_Scripts/./workflows/././regenie/./regenie_step2_gene_tests.nf
  Script_e9c74727b33157ba: /home/ec2-user/GWAS/nf-gwas/scripts/gwas_nf/Nextflow_Scripts/./workflows/././lift_over.nf
  Script_5568f8a32a31050c: /home/ec2-user/GWAS/nf-gwas/scripts/gwas_nf/Nextflow_Scripts/./workflows/././../modules/local/qc_filter_genotyped.nf
  Script_580a352169d4f867: /home/ec2-user/GWAS/nf-gwas/scripts/gwas_nf/Nextflow_Scripts/./workflows/././../modules/local/input_validation/validate_covariates.nf
  Script_2a45b084e3108863: /home/ec2-user/GWAS/nf-gwas/scripts/gwas_nf/Nextflow_Scripts/./workflows/././../modules/local/annotation/annotate_results.nf
  Script_21bfc4473751b6e7: /home/ec2-user/GWAS/nf-gwas/scripts/gwas_nf/Nextflow_Scripts/./workflows/././regenie/./../../modules/local/regenie/regenie_step1_run_chunk.nf
  Script_1e12655fc14fc430: /home/ec2-user/GWAS/nf-gwas/scripts/gwas_nf/Nextflow_Scripts/main_1.nf
  Script_ff1c7c02569edf47: /home/ec2-user/GWAS/nf-gwas/scripts/gwas_nf/Nextflow_Scripts/./workflows/././../modules/local/liftover_results.nf
  Script_401b199360ada978: /home/ec2-user/GWAS/nf-gwas/scripts/gwas_nf/Nextflow_Scripts/./workflows/././regenie/./../../modules/local/regenie/regenie_step2_run_gene_tests.nf
  Script_de68d875ad831b83: /home/ec2-user/GWAS/nf-gwas/scripts/gwas_nf/Nextflow_Scripts/./workflows/././regenie/./regenie_step1.nf
  Script_c4da5ceb8494b2a9: /home/ec2-user/GWAS/nf-gwas/scripts/gwas_nf/Nextflow_Scripts/./workflows/././../modules/local/prune_genotyped.nf
  Script_3f81133ee3eb671c: /home/ec2-user/GWAS/nf-gwas/scripts/gwas_nf/Nextflow_Scripts/./workflows/././../modules/local/annotation/download_rsids.nf
  Script_a98ca5ce563a5d84: /home/ec2-user/GWAS/nf-gwas/scripts/gwas_nf/Nextflow_Scripts/./workflows/././reporting_gene_tests.nf
  Script_d4184e7637610c58: /home/ec2-user/GWAS/nf-gwas/scripts/gwas_nf/Nextflow_Scripts/./workflows/././../modules/local/reporting/report_gene_based_tests.nf
  Script_7736ef805c830722: /home/ec2-user/GWAS/nf-gwas/scripts/gwas_nf/Nextflow_Scripts/./workflows/././chunking.nf
  Script_20af96a83339d673: /home/ec2-user/GWAS/nf-gwas/scripts/gwas_nf/Nextflow_Scripts/./workflows/././regenie/./../../modules/local/regenie/regenie_step1_split.nf
  Script_fbe5f4016af3cb65: /home/ec2-user/GWAS/nf-gwas/scripts/gwas_nf/Nextflow_Scripts/./workflows/././regenie/./../../modules/local/regenie/regenie_step1_merge_chunks.nf
Jun-12 16:23:22.681 [main] DEBUG nextflow.script.ScriptRunner - > Awaiting termination 
Jun-12 16:23:22.681 [main] DEBUG nextflow.Session - Session await
Jun-12 16:23:22.820 [Task submitter] WARN  nextflow.container.DockerBuilder - Undocumented setting `docker.userEmulation` is not supported any more - please remove it from your config
Jun-12 16:23:22.836 [Task submitter] DEBUG n.executor.local.LocalTaskHandler - Launch cmd line: /bin/bash -ue .command.run
Jun-12 16:23:22.838 [Task submitter] INFO  nextflow.Session - [80/d1a55a] Submitted process > NF_GWAS:SINGLE_VARIANT_TESTS:IMPUTED_TO_PLINK2 (1)
Jun-12 16:23:22.845 [Task submitter] DEBUG n.executor.local.LocalTaskHandler - Launch cmd line: /bin/bash -ue .command.run
Jun-12 16:23:22.846 [Task submitter] INFO  nextflow.Session - [16/e77131] Submitted process > NF_GWAS:SINGLE_VARIANT_TESTS:INPUT_VALIDATION:VALIDATE_PHENOTYPES
Jun-12 16:23:22.851 [Task submitter] DEBUG n.executor.local.LocalTaskHandler - Launch cmd line: /bin/bash -ue .command.run
Jun-12 16:23:22.852 [Task submitter] INFO  nextflow.Session - [7b/9889fb] Submitted process > NF_GWAS:SINGLE_VARIANT_TESTS:QUALITY_CONTROL:QC_FILTER_GENOTYPED (1)
Jun-12 16:23:23.576 [Task monitor] DEBUG n.processor.TaskPollingMonitor - Task completed > TaskHandler[id: 2; name: NF_GWAS:SINGLE_VARIANT_TESTS:IMPUTED_TO_PLINK2 (1); status: COMPLETED; exit: 0; error: -; workDir: /home/ec2-user/GWAS/nf-gwas/scripts/gwas_nf/Nextflow_Scripts/work/80/d1a55a33ccd1668781a1603c930013]
Jun-12 16:23:23.577 [Task monitor] DEBUG nextflow.util.ThreadPoolBuilder - Creating thread pool 'TaskFinalizer' minSize=10; maxSize=144; workQueue=LinkedBlockingQueue[10000]; allowCoreThreadTimeout=false
Jun-12 16:23:23.764 [Task monitor] DEBUG n.processor.TaskPollingMonitor - Task completed > TaskHandler[id: 3; name: NF_GWAS:SINGLE_VARIANT_TESTS:QUALITY_CONTROL:QC_FILTER_GENOTYPED (1); status: COMPLETED; exit: 0; error: -; workDir: /home/ec2-user/GWAS/nf-gwas/scripts/gwas_nf/Nextflow_Scripts/work/7b/9889fb0dd68d4fbebe5ff0c14de18f]
Jun-12 16:23:23.776 [TaskFinalizer-2] DEBUG nextflow.util.ThreadPoolBuilder - Creating thread pool 'PublishDir' minSize=10; maxSize=144; workQueue=LinkedBlockingQueue[10000]; allowCoreThreadTimeout=false
Jun-12 16:23:23.855 [Task monitor] DEBUG n.processor.TaskPollingMonitor - Task completed > TaskHandler[id: 1; name: NF_GWAS:SINGLE_VARIANT_TESTS:INPUT_VALIDATION:VALIDATE_PHENOTYPES; status: COMPLETED; exit: 0; error: -; workDir: /home/ec2-user/GWAS/nf-gwas/scripts/gwas_nf/Nextflow_Scripts/work/16/e77131b7c62eac9c5fb9b5fb897a9d]
Jun-12 16:23:23.910 [Task submitter] DEBUG n.executor.local.LocalTaskHandler - Launch cmd line: /bin/bash -ue .command.run
Jun-12 16:23:23.911 [Task submitter] INFO  nextflow.Session - [62/fe64c9] Submitted process > NF_GWAS:SINGLE_VARIANT_TESTS:REGENIE:REGENIE_STEP1:REGENIE_STEP1_RUN (1)
Jun-12 16:23:25.786 [Task monitor] DEBUG n.processor.TaskPollingMonitor - Task completed > TaskHandler[id: 4; name: NF_GWAS:SINGLE_VARIANT_TESTS:REGENIE:REGENIE_STEP1:REGENIE_STEP1_RUN (1); status: COMPLETED; exit: 0; error: -; workDir: /home/ec2-user/GWAS/nf-gwas/scripts/gwas_nf/Nextflow_Scripts/work/62/fe64c935cadee0e75c0b48d36d8c7d]
Jun-12 16:23:25.805 [Task submitter] DEBUG n.executor.local.LocalTaskHandler - Launch cmd line: /bin/bash -ue .command.run
Jun-12 16:23:25.805 [Task submitter] INFO  nextflow.Session - [29/c3c46e] Submitted process > NF_GWAS:SINGLE_VARIANT_TESTS:REGENIE:REGENIE_STEP1:REGENIE_LOG_PARSER_STEP1 (1)
Jun-12 16:23:25.866 [Task submitter] DEBUG n.executor.local.LocalTaskHandler - Launch cmd line: /bin/bash -ue .command.run
Jun-12 16:23:25.867 [Task submitter] INFO  nextflow.Session - [ca/54f078] Submitted process > NF_GWAS:SINGLE_VARIANT_TESTS:REGENIE:REGENIE_STEP2:REGENIE_STEP2_RUN (1000g_lpa_hg38)
Jun-12 16:23:26.583 [Task monitor] DEBUG n.processor.TaskPollingMonitor - Task completed > TaskHandler[id: 6; name: NF_GWAS:SINGLE_VARIANT_TESTS:REGENIE:REGENIE_STEP2:REGENIE_STEP2_RUN (1000g_lpa_hg38); status: COMPLETED; exit: 0; error: -; workDir: /home/ec2-user/GWAS/nf-gwas/scripts/gwas_nf/Nextflow_Scripts/work/ca/54f078830ede8d8f2c55ce93a7805a]
Jun-12 16:23:26.602 [Task submitter] DEBUG n.executor.local.LocalTaskHandler - Launch cmd line: /bin/bash -ue .command.run
Jun-12 16:23:26.602 [Task submitter] INFO  nextflow.Session - [6b/be5d5a] Submitted process > NF_GWAS:SINGLE_VARIANT_TESTS:ANNOTATION:ANNOTATE_RESULTS (1)
Jun-12 16:23:26.605 [Task submitter] DEBUG n.executor.local.LocalTaskHandler - Launch cmd line: /bin/bash -ue .command.run
Jun-12 16:23:26.606 [Task submitter] INFO  nextflow.Session - [bc/41e737] Submitted process > NF_GWAS:SINGLE_VARIANT_TESTS:REGENIE:REGENIE_STEP2:REGENIE_LOG_PARSER_STEP2
Jun-12 16:23:26.659 [Task monitor] DEBUG n.processor.TaskPollingMonitor - Task completed > TaskHandler[id: 5; name: NF_GWAS:SINGLE_VARIANT_TESTS:REGENIE:REGENIE_STEP1:REGENIE_LOG_PARSER_STEP1 (1); status: COMPLETED; exit: 0; error: -; workDir: /home/ec2-user/GWAS/nf-gwas/scripts/gwas_nf/Nextflow_Scripts/work/29/c3c46eb6c2bfc303fc454d912e3992]
Jun-12 16:23:27.370 [Task monitor] DEBUG n.processor.TaskPollingMonitor - Task completed > TaskHandler[id: 8; name: NF_GWAS:SINGLE_VARIANT_TESTS:REGENIE:REGENIE_STEP2:REGENIE_LOG_PARSER_STEP2; status: COMPLETED; exit: 0; error: -; workDir: /home/ec2-user/GWAS/nf-gwas/scripts/gwas_nf/Nextflow_Scripts/work/bc/41e7371ed2ba7a28f5951aaec08209]
Jun-12 16:23:27.880 [Task monitor] DEBUG n.processor.TaskPollingMonitor - Task completed > TaskHandler[id: 7; name: NF_GWAS:SINGLE_VARIANT_TESTS:ANNOTATION:ANNOTATE_RESULTS (1); status: COMPLETED; exit: 0; error: -; workDir: /home/ec2-user/GWAS/nf-gwas/scripts/gwas_nf/Nextflow_Scripts/work/6b/be5d5ac8dea687eb5d90ef2d3f325d]
Jun-12 16:23:27.897 [Task submitter] DEBUG n.executor.local.LocalTaskHandler - Launch cmd line: /bin/bash -ue .command.run
Jun-12 16:23:27.897 [Task submitter] INFO  nextflow.Session - [a7/ed2d1e] Submitted process > NF_GWAS:SINGLE_VARIANT_TESTS:MERGE_RESULTS (Y2)
Jun-12 16:23:27.900 [Task submitter] DEBUG n.executor.local.LocalTaskHandler - Launch cmd line: /bin/bash -ue .command.run
Jun-12 16:23:27.900 [Task submitter] INFO  nextflow.Session - [e6/4eb92a] Submitted process > NF_GWAS:SINGLE_VARIANT_TESTS:MERGE_RESULTS (Y1)
Jun-12 16:23:28.589 [Task monitor] DEBUG n.processor.TaskPollingMonitor - Task completed > TaskHandler[id: 9; name: NF_GWAS:SINGLE_VARIANT_TESTS:MERGE_RESULTS (Y1); status: COMPLETED; exit: 0; error: -; workDir: /home/ec2-user/GWAS/nf-gwas/scripts/gwas_nf/Nextflow_Scripts/work/e6/4eb92a53d64a66b3f0b7ce56be06e7]
Jun-12 16:23:28.603 [Task submitter] DEBUG n.executor.local.LocalTaskHandler - Launch cmd line: /bin/bash -ue .command.run
Jun-12 16:23:28.604 [Task submitter] INFO  nextflow.Session - [90/f90abd] Submitted process > NF_GWAS:SINGLE_VARIANT_TESTS:FILTER_RESULTS (Y1)
Jun-12 16:23:28.713 [Task monitor] DEBUG n.processor.TaskPollingMonitor - Task completed > TaskHandler[id: 10; name: NF_GWAS:SINGLE_VARIANT_TESTS:MERGE_RESULTS (Y2); status: COMPLETED; exit: 0; error: -; workDir: /home/ec2-user/GWAS/nf-gwas/scripts/gwas_nf/Nextflow_Scripts/work/a7/ed2d1e25ea5283a61ac8e6996f2d76]
Jun-12 16:23:28.725 [Task submitter] DEBUG n.executor.local.LocalTaskHandler - Launch cmd line: /bin/bash -ue .command.run
Jun-12 16:23:28.725 [Task submitter] INFO  nextflow.Session - [c0/5b9a22] Submitted process > NF_GWAS:SINGLE_VARIANT_TESTS:FILTER_RESULTS (Y2)
Jun-12 16:23:29.488 [Task monitor] DEBUG n.processor.TaskPollingMonitor - Task completed > TaskHandler[id: 11; name: NF_GWAS:SINGLE_VARIANT_TESTS:FILTER_RESULTS (Y1); status: COMPLETED; exit: 0; error: -; workDir: /home/ec2-user/GWAS/nf-gwas/scripts/gwas_nf/Nextflow_Scripts/work/90/f90abd74d968855f1ad9e03c105e5d]
Jun-12 16:23:29.535 [Task submitter] DEBUG n.executor.local.LocalTaskHandler - Launch cmd line: /bin/bash -ue .command.run
Jun-12 16:23:29.535 [Task submitter] INFO  nextflow.Session - [5a/2001bf] Submitted process > NF_GWAS:SINGLE_VARIANT_TESTS:REPORTING:REPORT (1)
Jun-12 16:23:29.561 [Task monitor] DEBUG n.processor.TaskPollingMonitor - Task completed > TaskHandler[id: 12; name: NF_GWAS:SINGLE_VARIANT_TESTS:FILTER_RESULTS (Y2); status: COMPLETED; exit: 0; error: -; workDir: /home/ec2-user/GWAS/nf-gwas/scripts/gwas_nf/Nextflow_Scripts/work/c0/5b9a2257600cdc70acd45952cbcf06]
Jun-12 16:23:29.575 [Task submitter] DEBUG n.executor.local.LocalTaskHandler - Launch cmd line: /bin/bash -ue .command.run
Jun-12 16:23:29.576 [Task submitter] INFO  nextflow.Session - [9f/72e246] Submitted process > NF_GWAS:SINGLE_VARIANT_TESTS:REPORTING:REPORT (2)
Jun-12 16:23:41.225 [Task monitor] DEBUG n.processor.TaskPollingMonitor - Task completed > TaskHandler[id: 14; name: NF_GWAS:SINGLE_VARIANT_TESTS:REPORTING:REPORT (2); status: COMPLETED; exit: 0; error: -; workDir: /home/ec2-user/GWAS/nf-gwas/scripts/gwas_nf/Nextflow_Scripts/work/9f/72e2464a5e5649f15965ad72eb693a]
Jun-12 16:23:41.277 [Task monitor] DEBUG n.processor.TaskPollingMonitor - Task completed > TaskHandler[id: 13; name: NF_GWAS:SINGLE_VARIANT_TESTS:REPORTING:REPORT (1); status: COMPLETED; exit: 0; error: -; workDir: /home/ec2-user/GWAS/nf-gwas/scripts/gwas_nf/Nextflow_Scripts/work/5a/2001bfc238562196ae78facc0606f1]
Jun-12 16:23:41.295 [Task submitter] DEBUG n.executor.local.LocalTaskHandler - Launch cmd line: /bin/bash -ue .command.run
Jun-12 16:23:41.295 [Task submitter] INFO  nextflow.Session - [bf/dbccfc] Submitted process > NF_GWAS:SINGLE_VARIANT_TESTS:REPORTING:REPORT_INDEX
Jun-12 16:23:41.949 [Task monitor] DEBUG n.processor.TaskPollingMonitor - Task completed > TaskHandler[id: 15; name: NF_GWAS:SINGLE_VARIANT_TESTS:REPORTING:REPORT_INDEX; status: COMPLETED; exit: 0; error: -; workDir: /home/ec2-user/GWAS/nf-gwas/scripts/gwas_nf/Nextflow_Scripts/work/bf/dbccfc43bfec48f59ed0cfd7c78a8a]
Jun-12 16:23:41.954 [main] DEBUG nextflow.Session - Session await > all processes finished
Jun-12 16:23:42.050 [Task monitor] DEBUG n.processor.TaskPollingMonitor - <<< barrier arrives (monitor: local) - terminating tasks monitor poll loop
Jun-12 16:23:42.050 [main] DEBUG nextflow.Session - Session await > all barriers passed
Jun-12 16:23:42.053 [main] DEBUG nextflow.util.ThreadPoolManager - Thread pool 'TaskFinalizer' shutdown completed (hard=false)
Jun-12 16:23:42.054 [main] DEBUG nextflow.util.ThreadPoolManager - Thread pool 'PublishDir' shutdown completed (hard=false)
Jun-12 16:23:42.056 [main] INFO  nextflow.script.BaseScript - Pipeline completed at: 2024-06-12T16:23:42.054845Z
Jun-12 16:23:42.056 [main] INFO  nextflow.script.BaseScript - Execution status: OK
Jun-12 16:23:42.056 [main] INFO  nextflow.script.BaseScript - Pipeline completed at: 2024-06-12T16:23:42.054845Z
Jun-12 16:23:42.056 [main] INFO  nextflow.script.BaseScript - Execution status: OK
Jun-12 16:23:42.056 [main] INFO  nextflow.script.BaseScript - Pipeline completed at: 2024-06-12T16:23:42.054845Z
Jun-12 16:23:42.056 [main] INFO  nextflow.script.BaseScript - Execution status: OK
Jun-12 16:23:42.060 [main] DEBUG n.trace.WorkflowStatsObserver - Workflow completed > WorkflowStats[succeededCount=15; failedCount=0; ignoredCount=0; cachedCount=0; pendingCount=0; submittedCount=0; runningCount=0; retriesCount=0; abortedCount=0; succeedDuration=1m 3s; failedDuration=0ms; cachedDuration=0ms;loadCpus=0; loadMemory=0; peakRunning=3; peakCpus=17; peakMemory=33 GB; ]
Jun-12 16:23:42.130 [main] DEBUG nextflow.cache.CacheDB - Closing CacheDB done
Jun-12 16:23:42.138 [main] INFO  org.pf4j.AbstractPluginManager - Stop plugin 'nf-validation@1.1.3'
Jun-12 16:23:42.138 [main] DEBUG nextflow.plugin.BasePlugin - Plugin stopped nf-validation
Jun-12 16:23:42.139 [main] DEBUG nextflow.util.ThreadPoolManager - Thread pool 'FileTransfer' shutdown completed (hard=false)
Jun-12 16:23:42.139 [main] DEBUG nextflow.script.ScriptRunner - > Execution complete -- Goodbye
