PLINK v2.00a2.3LM 64-bit Intel (24 Jan 2020)
Options in effect:
  --bfile 3_samples
  --geno 0.1
  --hwe 0.00
  --mac 100
  --maf 0.01
  --make-bed
  --memory 16384
  --mind 0.1
  --no-id-header
  --out 3_samples.qc
  --threads 8
  --write-samples
  --write-snplist

Hostname: 24dd568ea1d6
Working directory: /home/ec2-user/GWAS/nf-gwas/work/d8/939102bb7f11c9c5631d92109e30b0
Start time: Tue Jun 11 16:19:32 2024

Random number seed: 1718122772
95017 MiB RAM detected; reserving 16384 MiB for main workspace.
Using up to 8 compute threads.
2505 samples (0 females, 0 males, 2505 ambiguous; 2505 founders) loaded from
3_samples.fam.
100000 variants loaded from 3_samples.bim.
1 quantitative phenotype loaded (2505 values).
Calculating sample missingness rates... done.
0 samples removed due to missing genotype data (--mind).
2505 samples (0 females, 0 males, 2505 ambiguous; 2505 founders) remaining
after main filters.
2505 quantitative phenotype values remaining after main filters.
--write-samples: Sample IDs written to 3_samples.qc.id .
Calculating allele frequencies... done.
--geno: 0 variants removed due to missing genotype data.
0 variants removed due to allele frequency threshold(s)
(--maf/--max-maf/--mac/--max-mac).
100000 variants remaining after main filters.
--write-snplist: Variant IDs written to 3_samples.qc.snplist .
Writing 3_samples.qc.fam ... done.
Writing 3_samples.qc.bim ... done.
Writing 3_samples.qc.bed ... done.

End time: Tue Jun 11 16:19:33 2024
