Start time: Tue Jun 11 16:19:34 2024

              |===========================|
              |      REGENIE v3.4.gz      |
              |===========================|

Copyright (c) 2020-2023 Joelle Mbatchou, Andrey Ziyatdinov and Jonathan Marchini.
Distributed under the MIT License.
Compiled with Boost Iostream library.

Log of output saved in file : regenie_step1_out.log

Options in effect:
  --step 1 \
  --bed 3_samples.qc \
  --extract 3_samples.qc.snplist \
  --keep 3_samples.qc.id \
  --phenoFile phenotype_10000_samples_100cols.validated.txt \
  --phenoColList Y1,Y2,Y3,Y4,Y5,Y6,Y7,Y8,Y9,Y10,Y11,Y12,Y13 \
  --bsize 1000 \
  --lowmem \
  --lowmem-prefix tmp_rg \
  --gz \
  --threads 8 \
  --out regenie_step1_out \
  --use-relative-path

Fitting null model
 * bim              : [3_samples.qc.bim] n_snps = 100000
   -keeping variants specified by --extract
 * fam              : [3_samples.qc.fam] n_samples = 2505
   -keeping only individuals specified by --keep
 * bed              : [3_samples.qc.bed]
 * phenotypes       : [phenotype_10000_samples_100cols.validated.txt] n_pheno = 13
   -keeping and mean-imputing missing observations (done for each trait)
   -number of phenotyped individuals  = 2505
 * number of individuals used in analysis = 2505
 * number of observations for each trait:
   - 'Y1': 2505 observations
   - 'Y2': 2505 observations
   - 'Y3': 2505 observations
   - 'Y4': 2505 observations
   - 'Y5': 2505 observations
   - 'Y6': 2505 observations
   - 'Y7': 2505 observations
   - 'Y8': 2505 observations
   - 'Y9': 2505 observations
   - 'Y10': 2505 observations
   - 'Y11': 2505 observations
   - 'Y12': 2505 observations
   - 'Y13': 2505 observations
   -residualizing and scaling phenotypes...done (0ms) 
 * # threads        : [8]
 * block size       : [1000]
 * # blocks         : [101] for 100000 variants
 * # CV folds       : [5]
 * ridge data_l0    : [5 : 0.01 0.25 0.5 0.75 0.99 ]
 * ridge data_l1    : [5 : 0.01 0.25 0.5 0.75 0.99 ]
 * approximate memory usage : 44MB
 * writing level 0 predictions to disk
   -temporary files will have prefix [tmp_rg_l0_Y]
   -approximate disk space needed : 126MB
 * setting memory...done

Chromosome 1
 block [1] : 1000 snps  (16ms) 
   -residualizing and scaling genotypes...done (19ms) 
   -calc working matrices...done (77ms) 
   -calc level 0 ridge...done (4526ms) 
 block [2] : 1000 snps  (16ms) 
   -residualizing and scaling genotypes...done (13ms) 
   -calc working matrices...done (66ms) 
   -calc level 0 ridge...done (4534ms) 
 block [3] : 1000 snps  (15ms) 
   -residualizing and scaling genotypes...done (13ms) 
   -calc working matrices...done (65ms) 
   -calc level 0 ridge...done (4516ms) 
 block [4] : 1000 snps  (16ms) 
   -residualizing and scaling genotypes...done (13ms) 
   -calc working matrices...done (65ms) 
   -calc level 0 ridge...done (4843ms) 
 block [5] : 1000 snps  (15ms) 
   -residualizing and scaling genotypes...done (13ms) 
   -calc working matrices...done (64ms) 
   -calc level 0 ridge...done (4910ms) 
 block [6] : 1000 snps  (15ms) 
   -residualizing and scaling genotypes...done (13ms) 
   -calc working matrices...done (65ms) 
   -calc level 0 ridge...done (4873ms) 
 block [7] : 1000 snps  (15ms) 
   -residualizing and scaling genotypes...done (17ms) 
   -calc working matrices...done (65ms) 
   -calc level 0 ridge...done (4916ms) 
 block [8] : 1000 snps  (16ms) 
   -residualizing and scaling genotypes...done (15ms) 
   -calc working matrices...done (65ms) 
   -calc level 0 ridge...done (4919ms) 
 block [9] : 1000 snps  (16ms) 
   -residualizing and scaling genotypes...done (15ms) 
   -calc working matrices...done (66ms) 
   -calc level 0 ridge...done (4905ms) 
 block [10] : 1000 snps  (15ms) 
   -residualizing and scaling genotypes...done (13ms) 
   -calc working matrices...done (65ms) 
   -calc level 0 ridge...done (4838ms) 
 block [11] : 1000 snps  (16ms) 
   -residualizing and scaling genotypes...done (13ms) 
   -calc working matrices...done (65ms) 
   -calc level 0 ridge...done (4905ms) 
 block [12] : 1000 snps  (16ms) 
   -residualizing and scaling genotypes...done (14ms) 
   -calc working matrices...done (65ms) 
   -calc level 0 ridge...done (4925ms) 
 block [13] : 1000 snps  (16ms) 
   -residualizing and scaling genotypes...done (13ms) 
   -calc working matrices...done (65ms) 
   -calc level 0 ridge...done (4914ms) 
 block [14] : 1000 snps  (14ms) 
   -residualizing and scaling genotypes...done (13ms) 
   -calc working matrices...done (65ms) 
   -calc level 0 ridge...done (4905ms) 
 block [15] : 1000 snps  (15ms) 
   -residualizing and scaling genotypes...done (15ms) 
   -calc working matrices...done (65ms) 
   -calc level 0 ridge...done (4913ms) 
 block [16] : 1000 snps  (15ms) 
   -residualizing and scaling genotypes...done (13ms) 
   -calc working matrices...done (65ms) 
   -calc level 0 ridge...done (4908ms) 
 block [17] : 1000 snps  (15ms) 
   -residualizing and scaling genotypes...done (14ms) 
   -calc working matrices...done (65ms) 
   -calc level 0 ridge...done (4919ms) 
 block [18] : 1000 snps  (16ms) 
   -residualizing and scaling genotypes...done (13ms) 
   -calc working matrices...done (65ms) 
   -calc level 0 ridge...done (4917ms) 
 block [19] : 1000 snps  (15ms) 
   -residualizing and scaling genotypes...done (13ms) 
   -calc working matrices...done (65ms) 
   -calc level 0 ridge...done (4913ms) 
 block [20] : 999 snps  (7ms) 
   -residualizing and scaling genotypes...done (15ms) 
   -calc working matrices...done (65ms) 
   -calc level 0 ridge...done (4908ms) 
Chromosome 2
 block [21] : 1000 snps  (13ms) 
   -residualizing and scaling genotypes...done (18ms) 
   -calc working matrices...done (64ms) 
   -calc level 0 ridge...done (4917ms) 
 block [22] : 1000 snps  (16ms) 
   -residualizing and scaling genotypes...done (13ms) 
   -calc working matrices...done (65ms) 
   -calc level 0 ridge...done (4911ms) 
 block [23] : 1000 snps  (15ms) 
   -residualizing and scaling genotypes...done (13ms) 
   -calc working matrices...done (65ms) 
   -calc level 0 ridge...done (4904ms) 
 block [24] : 1000 snps  (16ms) 
   -residualizing and scaling genotypes...done (13ms) 
   -calc working matrices...done (65ms) 
   -calc level 0 ridge...done (4901ms) 
 block [25] : 1000 snps  (16ms) 
   -residualizing and scaling genotypes...done (13ms) 
   -calc working matrices...done (65ms) 
   -calc level 0 ridge...done (4903ms) 
 block [26] : 1000 snps  (16ms) 
   -residualizing and scaling genotypes...done (13ms) 
   -calc working matrices...done (68ms) 
   -calc level 0 ridge...done (4903ms) 
 block [27] : 1000 snps  (15ms) 
   -residualizing and scaling genotypes...done (13ms) 
   -calc working matrices...done (74ms) 
   -calc level 0 ridge...done (4898ms) 
 block [28] : 1000 snps  (15ms) 
   -residualizing and scaling genotypes...done (13ms) 
   -calc working matrices...done (65ms) 
   -calc level 0 ridge...done (4907ms) 
 block [29] : 1000 snps  (17ms) 
   -residualizing and scaling genotypes...done (13ms) 
   -calc working matrices...done (65ms) 
   -calc level 0 ridge...done (4792ms) 
 block [30] : 1000 snps  (15ms) 
   -residualizing and scaling genotypes...done (13ms) 
   -calc working matrices...done (64ms) 
   -calc level 0 ridge...done (4916ms) 
 block [31] : 1000 snps  (15ms) 
   -residualizing and scaling genotypes...done (13ms) 
   -calc working matrices...done (65ms) 
   -calc level 0 ridge...done (4906ms) 
 block [32] : 1000 snps  (15ms) 
   -residualizing and scaling genotypes...done (13ms) 
   -calc working matrices...done (65ms) 
   -calc level 0 ridge...done (4898ms) 
 block [33] : 1000 snps  (15ms) 
   -residualizing and scaling genotypes...done (13ms) 
   -calc working matrices...done (65ms) 
   -calc level 0 ridge...done (4813ms) 
 block [34] : 1000 snps  (16ms) 
   -residualizing and scaling genotypes...done (13ms) 
   -calc working matrices...done (65ms) 
   -calc level 0 ridge...done (4904ms) 
 block [35] : 1000 snps  (15ms) 
   -residualizing and scaling genotypes...done (13ms) 
   -calc working matrices...done (66ms) 
   -calc level 0 ridge...done (4907ms) 
 block [36] : 1000 snps  (15ms) 
   -residualizing and scaling genotypes...done (13ms) 
   -calc working matrices...done (65ms) 
   -calc level 0 ridge...done (4910ms) 
 block [37] : 1000 snps  (15ms) 
   -residualizing and scaling genotypes...done (13ms) 
   -calc working matrices...done (65ms) 
   -calc level 0 ridge...done (4895ms) 
 block [38] : 1000 snps  (17ms) 
   -residualizing and scaling genotypes...done (16ms) 
   -calc working matrices...done (68ms) 
   -calc level 0 ridge...done (4909ms) 
 block [39] : 1000 snps  (15ms) 
   -residualizing and scaling genotypes...done (13ms) 
   -calc working matrices...done (65ms) 
   -calc level 0 ridge...done (4912ms) 
 block [40] : 1000 snps  (15ms) 
   -residualizing and scaling genotypes...done (13ms) 
   -calc working matrices...done (65ms) 
   -calc level 0 ridge...done (4876ms) 
Chromosome 3
 block [41] : 1000 snps  (15ms) 
   -residualizing and scaling genotypes...done (13ms) 
   -calc working matrices...done (65ms) 
   -calc level 0 ridge...done (4884ms) 
 block [42] : 1000 snps  (15ms) 
   -residualizing and scaling genotypes...done (13ms) 
   -calc working matrices...done (65ms) 
   -calc level 0 ridge...done (4909ms) 
 block [43] : 1000 snps  (15ms) 
   -residualizing and scaling genotypes...done (13ms) 
   -calc working matrices...done (65ms) 
   -calc level 0 ridge...done (4834ms) 
 block [44] : 1000 snps  (16ms) 
   -residualizing and scaling genotypes...done (14ms) 
   -calc working matrices...done (65ms) 
   -calc level 0 ridge...done (4899ms) 
 block [45] : 1000 snps  (16ms) 
   -residualizing and scaling genotypes...done (13ms) 
   -calc working matrices...done (65ms) 
   -calc level 0 ridge...done (4905ms) 
 block [46] : 1000 snps  (16ms) 
   -residualizing and scaling genotypes...done (13ms) 
   -calc working matrices...done (65ms) 
   -calc level 0 ridge...done (4907ms) 
 block [47] : 1000 snps  (16ms) 
   -residualizing and scaling genotypes...done (13ms) 
   -calc working matrices...done (65ms) 
   -calc level 0 ridge...done (4808ms) 
 block [48] : 1000 snps  (15ms) 
   -residualizing and scaling genotypes...done (13ms) 
   -calc working matrices...done (65ms) 
   -calc level 0 ridge...done (4900ms) 
 block [49] : 1000 snps  (16ms) 
   -residualizing and scaling genotypes...done (13ms) 
   -calc working matrices...done (65ms) 
   -calc level 0 ridge...done (4830ms) 
 block [50] : 1000 snps  (16ms) 
   -residualizing and scaling genotypes...done (13ms) 
   -calc working matrices...done (65ms) 
   -calc level 0 ridge...done (4893ms) 
 block [51] : 1000 snps  (16ms) 
   -residualizing and scaling genotypes...done (14ms) 
   -calc working matrices...done (65ms) 
   -calc level 0 ridge...done (4886ms) 
 block [52] : 1000 snps  (16ms) 
   -residualizing and scaling genotypes...done (14ms) 
   -calc working matrices...done (65ms) 
   -calc level 0 ridge...done (4892ms) 
 block [53] : 1000 snps  (16ms) 
   -residualizing and scaling genotypes...done (15ms) 
   -calc working matrices...done (67ms) 
   -calc level 0 ridge...done (4883ms) 
 block [54] : 1000 snps  (15ms) 
   -residualizing and scaling genotypes...done (13ms) 
   -calc working matrices...done (65ms) 
   -calc level 0 ridge...done (4899ms) 
 block [55] : 1000 snps  (16ms) 
   -residualizing and scaling genotypes...done (13ms) 
   -calc working matrices...done (65ms) 
   -calc level 0 ridge...done (4890ms) 
 block [56] : 1000 snps  (15ms) 
   -residualizing and scaling genotypes...done (13ms) 
   -calc working matrices...done (69ms) 
   -calc level 0 ridge...done (4892ms) 
 block [57] : 1000 snps  (16ms) 
   -residualizing and scaling genotypes...done (13ms) 
   -calc working matrices...done (65ms) 
   -calc level 0 ridge...done (4895ms) 
 block [58] : 1000 snps  (16ms) 
   -residualizing and scaling genotypes...done (13ms) 
   -calc working matrices...done (65ms) 
   -calc level 0 ridge...done (4911ms) 
 block [59] : 1000 snps  (15ms) 
   -residualizing and scaling genotypes...done (13ms) 
   -calc working matrices...done (65ms) 
   -calc level 0 ridge...done (4828ms) 
 block [60] : 1000 snps  (16ms) 
   -residualizing and scaling genotypes...done (13ms) 
   -calc working matrices...done (65ms) 
   -calc level 0 ridge...done (4904ms) 
Chromosome 4
 block [61] : 1000 snps  (15ms) 
   -residualizing and scaling genotypes...done (13ms) 
   -calc working matrices...done (65ms) 
   -calc level 0 ridge...done (4867ms) 
 block [62] : 1000 snps  (16ms) 
   -residualizing and scaling genotypes...done (13ms) 
   -calc working matrices...done (65ms) 
   -calc level 0 ridge...done (4896ms) 
 block [63] : 1000 snps  (16ms) 
   -residualizing and scaling genotypes...done (13ms) 
   -calc working matrices...done (65ms) 
   -calc level 0 ridge...done (4899ms) 
 block [64] : 1000 snps  (15ms) 
   -residualizing and scaling genotypes...done (13ms) 
   -calc working matrices...done (65ms) 
   -calc level 0 ridge...done (4907ms) 
 block [65] : 1000 snps  (15ms) 
   -residualizing and scaling genotypes...done (15ms) 
   -calc working matrices...done (66ms) 
   -calc level 0 ridge...done (4910ms) 
 block [66] : 1000 snps  (16ms) 
   -residualizing and scaling genotypes...done (13ms) 
   -calc working matrices...done (65ms) 
   -calc level 0 ridge...done (4910ms) 
 block [67] : 1000 snps  (15ms) 
   -residualizing and scaling genotypes...done (13ms) 
   -calc working matrices...done (65ms) 
   -calc level 0 ridge...done (4901ms) 
 block [68] : 1000 snps  (16ms) 
   -residualizing and scaling genotypes...done (13ms) 
   -calc working matrices...done (65ms) 
   -calc level 0 ridge...done (4909ms) 
 block [69] : 1000 snps  (16ms) 
   -residualizing and scaling genotypes...done (13ms) 
   -calc working matrices...done (65ms) 
   -calc level 0 ridge...done (4900ms) 
 block [70] : 1000 snps  (15ms) 
   -residualizing and scaling genotypes...done (14ms) 
   -calc working matrices...done (66ms) 
   -calc level 0 ridge...done (4556ms) 
 block [71] : 1000 snps  (16ms) 
   -residualizing and scaling genotypes...done (13ms) 
   -calc working matrices...done (63ms) 
   -calc level 0 ridge...done (4479ms) 
 block [72] : 1000 snps  (15ms) 
   -residualizing and scaling genotypes...done (13ms) 
   -calc working matrices...done (82ms) 
   -calc level 0 ridge...done (4975ms) 
 block [73] : 1000 snps  (17ms) 
   -residualizing and scaling genotypes...done (15ms) 
   -calc working matrices...done (67ms) 
   -calc level 0 ridge...done (4380ms) 
 block [74] : 1000 snps  (17ms) 
   -residualizing and scaling genotypes...done (16ms) 
   -calc working matrices...done (68ms) 
   -calc level 0 ridge...done (4387ms) 
 block [75] : 1000 snps  (15ms) 
   -residualizing and scaling genotypes...done (14ms) 
   -calc working matrices...done (65ms) 
   -calc level 0 ridge...done (4487ms) 
 block [76] : 1000 snps  (16ms) 
   -residualizing and scaling genotypes...done (13ms) 
   -calc working matrices...done (65ms) 
   -calc level 0 ridge...done (4319ms) 
 block [77] : 1000 snps  (16ms) 
   -residualizing and scaling genotypes...done (13ms) 
   -calc working matrices...done (65ms) 
   -calc level 0 ridge...done (4323ms) 
 block [78] : 1000 snps  (16ms) 
   -residualizing and scaling genotypes...done (12ms) 
   -calc working matrices...done (63ms) 
   -calc level 0 ridge...done (4372ms) 
 block [79] : 1000 snps  (15ms) 
   -residualizing and scaling genotypes...done (12ms) 
   -calc working matrices...done (64ms) 
   -calc level 0 ridge...done (4321ms) 
 block [80] : 1000 snps  (15ms) 
   -residualizing and scaling genotypes...done (12ms) 
   -calc working matrices...done (64ms) 
   -calc level 0 ridge...done (4316ms) 
Chromosome 5
 block [81] : 1000 snps  (15ms) 
   -residualizing and scaling genotypes...done (12ms) 
   -calc working matrices...done (64ms) 
   -calc level 0 ridge...done (4325ms) 
 block [82] : 1000 snps  (15ms) 
   -residualizing and scaling genotypes...done (12ms) 
   -calc working matrices...done (63ms) 
   -calc level 0 ridge...done (4310ms) 
 block [83] : 1000 snps  (16ms) 
   -residualizing and scaling genotypes...done (13ms) 
   -calc working matrices...done (64ms) 
   -calc level 0 ridge...done (4296ms) 
 block [84] : 1000 snps  (16ms) 
   -residualizing and scaling genotypes...done (12ms) 
   -calc working matrices...done (63ms) 
   -calc level 0 ridge...done (4297ms) 
 block [85] : 1000 snps  (15ms) 
   -residualizing and scaling genotypes...done (12ms) 
   -calc working matrices...done (64ms) 
   -calc level 0 ridge...done (4301ms) 
 block [86] : 1000 snps  (15ms) 
   -residualizing and scaling genotypes...done (12ms) 
   -calc working matrices...done (63ms) 
   -calc level 0 ridge...done (4334ms) 
 block [87] : 1000 snps  (15ms) 
   -residualizing and scaling genotypes...done (12ms) 
   -calc working matrices...done (63ms) 
   -calc level 0 ridge...done (4306ms) 
 block [88] : 1000 snps  (15ms) 
   -residualizing and scaling genotypes...done (12ms) 
   -calc working matrices...done (64ms) 
   -calc level 0 ridge...done (4309ms) 
 block [89] : 1000 snps  (16ms) 
   -residualizing and scaling genotypes...done (12ms) 
   -calc working matrices...done (64ms) 
   -calc level 0 ridge...done (4284ms) 
 block [90] : 1000 snps  (15ms) 
   -residualizing and scaling genotypes...done (12ms) 
   -calc working matrices...done (64ms) 
   -calc level 0 ridge...done (4321ms) 
 block [91] : 1000 snps  (16ms) 
   -residualizing and scaling genotypes...done (14ms) 
   -calc working matrices...done (65ms) 
   -calc level 0 ridge...done (4315ms) 
 block [92] : 1000 snps  (15ms) 
   -residualizing and scaling genotypes...done (12ms) 
   -calc working matrices...done (64ms) 
   -calc level 0 ridge...done (4308ms) 
 block [93] : 1000 snps  (15ms) 
   -residualizing and scaling genotypes...done (12ms) 
   -calc working matrices...done (64ms) 
   -calc level 0 ridge...done (4300ms) 
 block [94] : 1000 snps  (15ms) 
   -residualizing and scaling genotypes...done (12ms) 
   -calc working matrices...done (64ms) 
   -calc level 0 ridge...done (4326ms) 
 block [95] : 1000 snps  (16ms) 
   -residualizing and scaling genotypes...done (12ms) 
   -calc working matrices...done (64ms) 
   -calc level 0 ridge...done (4316ms) 
 block [96] : 1000 snps  (15ms) 
   -residualizing and scaling genotypes...done (12ms) 
   -calc working matrices...done (64ms) 
   -calc level 0 ridge...done (4320ms) 
 block [97] : 1000 snps  (15ms) 
   -residualizing and scaling genotypes...done (12ms) 
   -calc working matrices...done (64ms) 
   -calc level 0 ridge...done (4300ms) 
 block [98] : 1000 snps  (15ms) 
   -residualizing and scaling genotypes...done (12ms) 
   -calc working matrices...done (64ms) 
   -calc level 0 ridge...done (4305ms) 
 block [99] : 1000 snps  (15ms) 
   -residualizing and scaling genotypes...done (12ms) 
   -calc working matrices...done (63ms) 
   -calc level 0 ridge...done (4317ms) 
 block [100] : 1000 snps  (15ms) 
   -residualizing and scaling genotypes...done (12ms) 
   -calc working matrices...done (64ms) 
   -calc level 0 ridge...done (4278ms) 
Chromosome 6
 block [101] : 1 snps  (0ms) 
   -residualizing and scaling genotypes...done (0ms) 
   -calc working matrices...done (3ms) 
   -calc level 0 ridge...done (1ms) 

 Level 1 ridge...
   -on phenotype 1 (Y1)...done (369ms) 
   -on phenotype 2 (Y2)...done (370ms) 
   -on phenotype 3 (Y3)...done (367ms) 
   -on phenotype 4 (Y4)...done (366ms) 
   -on phenotype 5 (Y5)...done (369ms) 
   -on phenotype 6 (Y6)...done (364ms) 
   -on phenotype 7 (Y7)...done (366ms) 
   -on phenotype 8 (Y8)...done (363ms) 
   -on phenotype 9 (Y9)...done (364ms) 
   -on phenotype 10 (Y10)...done (365ms) 
   -on phenotype 11 (Y11)...done (365ms) 
   -on phenotype 12 (Y12)...done (365ms) 
   -on phenotype 13 (Y13)...done (364ms) 

Output
------
phenotype 1 (Y1) : 
  0.01  : Rsq = 0.0395366, MSE = 0.98166
  0.25  : Rsq = 0.0413899, MSE = 0.963145<- min value
  0.5   : Rsq = 0.0430294, MSE = 0.967324
  0.75  : Rsq = 0.0430211, MSE = 0.975637
  0.99  : Rsq = 0.03991, MSE = 1.00169
  * making predictions...writing LOCO predictions...done (59ms) 

phenotype 2 (Y2) : 
  0.01  : Rsq = 0.0198744, MSE = 0.98892
  0.25  : Rsq = 0.0214061, MSE = 0.987665<- min value
  0.5   : Rsq = 0.0226252, MSE = 0.993357
  0.75  : Rsq = 0.0227057, MSE = 1.00308
  0.99  : Rsq = 0.020942, MSE = 1.03102
  * making predictions...writing LOCO predictions...done (58ms) 

phenotype 3 (Y3) : 
  0.01  : Rsq = 0.0472945, MSE = 0.979105
  0.25  : Rsq = 0.0497432, MSE = 0.953462<- min value
  0.5   : Rsq = 0.0517372, MSE = 0.956633
  0.75  : Rsq = 0.050949, MSE = 0.965774
  0.99  : Rsq = 0.0460115, MSE = 0.994824
  * making predictions...writing LOCO predictions...done (58ms) 

phenotype 4 (Y4) : 
  0.01  : Rsq = 0.0153041, MSE = 0.991019
  0.25  : Rsq = 0.0215359, MSE = 0.985312
  0.5   : Rsq = 0.0280979, MSE = 0.982214<- min value
  0.75  : Rsq = 0.0339765, MSE = 0.982955
  0.99  : Rsq = 0.0383193, MSE = 1.00154
  * making predictions...writing LOCO predictions...done (58ms) 

phenotype 5 (Y5) : 
  0.01  : Rsq = 0.0266469, MSE = 0.986438
  0.25  : Rsq = 0.0309356, MSE = 0.97476<- min value
  0.5   : Rsq = 0.0347947, MSE = 0.975978
  0.75  : Rsq = 0.0370447, MSE = 0.982255
  0.99  : Rsq = 0.0362028, MSE = 1.01029
  * making predictions...writing LOCO predictions...done (58ms) 

phenotype 6 (Y6) : 
  0.01  : Rsq = 0.0218523, MSE = 0.987986
  0.25  : Rsq = 0.0263707, MSE = 0.980571
  0.5   : Rsq = 0.0331344, MSE = 0.977516<- min value
  0.75  : Rsq = 0.0393099, MSE = 0.978107
  0.99  : Rsq = 0.0425034, MSE = 1.00016
  * making predictions...writing LOCO predictions...done (58ms) 

phenotype 7 (Y7) : 
  0.01  : Rsq = 0.026094, MSE = 0.986312
  0.25  : Rsq = 0.0288365, MSE = 0.977728<- min value
  0.5   : Rsq = 0.0323284, MSE = 0.979403
  0.75  : Rsq = 0.0345208, MSE = 0.985438
  0.99  : Rsq = 0.0346821, MSE = 1.00942
  * making predictions...writing LOCO predictions...done (58ms) 

phenotype 8 (Y8) : 
  0.01  : Rsq = 0.03218, MSE = 0.98434
  0.25  : Rsq = 0.0341118, MSE = 0.972486<- min value
  0.5   : Rsq = 0.0369266, MSE = 0.975968
  0.75  : Rsq = 0.0381026, MSE = 0.984161
  0.99  : Rsq = 0.03648, MSE = 1.01234
  * making predictions...writing LOCO predictions...done (58ms) 

phenotype 9 (Y9) : 
  0.01  : Rsq = 0.0240715, MSE = 0.987274
  0.25  : Rsq = 0.030551, MSE = 0.974334
  0.5   : Rsq = 0.0385743, MSE = 0.969338<- min value
  0.75  : Rsq = 0.0448939, MSE = 0.970016
  0.99  : Rsq = 0.0472852, MSE = 0.994132
  * making predictions...writing LOCO predictions...done (58ms) 

phenotype 10 (Y10) : 
  0.01  : Rsq = 0.0346939, MSE = 0.983324
  0.25  : Rsq = 0.0379451, MSE = 0.966677
  0.5   : Rsq = 0.0441453, MSE = 0.964506<- min value
  0.75  : Rsq = 0.0495704, MSE = 0.965774
  0.99  : Rsq = 0.0528801, MSE = 0.985701
  * making predictions...writing LOCO predictions...done (57ms) 

phenotype 11 (Y11) : 
  0.01  : Rsq = 0.0299253, MSE = 0.985208
  0.25  : Rsq = 0.0338666, MSE = 0.970617
  0.5   : Rsq = 0.0383885, MSE = 0.970214<- min value
  0.75  : Rsq = 0.0412311, MSE = 0.974413
  0.99  : Rsq = 0.041106, MSE = 0.996912
  * making predictions...writing LOCO predictions...done (57ms) 

phenotype 12 (Y12) : 
  0.01  : Rsq = 0.0473036, MSE = 0.978708
  0.25  : Rsq = 0.0507203, MSE = 0.952723
  0.5   : Rsq = 0.0568531, MSE = 0.950656<- min value
  0.75  : Rsq = 0.0608361, MSE = 0.953394
  0.99  : Rsq = 0.059507, MSE = 0.977688
  * making predictions...writing LOCO predictions...done (57ms) 

phenotype 13 (Y13) : 
  0.01  : Rsq = 0.0264611, MSE = 0.98611
  0.25  : Rsq = 0.0320349, MSE = 0.974234
  0.5   : Rsq = 0.0388716, MSE = 0.971463<- min value
  0.75  : Rsq = 0.0446534, MSE = 0.97257
  0.99  : Rsq = 0.0471802, MSE = 0.994223
  * making predictions...writing LOCO predictions...done (57ms) 

List of blup files written to: [regenie_step1_out_pred.list]

Elapsed time : 487.149s
End time: Tue Jun 11 16:27:41 2024

