Start time: Wed Jun 12 16:23:24 2024

              |===========================|
              |      REGENIE v3.4.gz      |
              |===========================|

Copyright (c) 2020-2023 Joelle Mbatchou, Andrey Ziyatdinov and Jonathan Marchini.
Distributed under the MIT License.
Compiled with Boost Iostream library.

Log of output saved in file : regenie_step1_out.log

Options in effect:
  --step 1 \
  --bed example.qc \
  --extract example.qc.snplist \
  --keep example.qc.id \
  --phenoFile phenotype.validated.txt \
  --phenoColList Y1,Y2 \
  --bsize 1000 \
  --lowmem \
  --lowmem-prefix tmp_rg \
  --gz \
  --threads 8 \
  --out regenie_step1_out \
  --use-relative-path

Fitting null model
 * bim              : [example.qc.bim] n_snps = 758
   -keeping variants specified by --extract
 * fam              : [example.qc.fam] n_samples = 500
   -keeping only individuals specified by --keep
 * bed              : [example.qc.bed]
 * phenotypes       : [phenotype.validated.txt] n_pheno = 2
   -keeping and mean-imputing missing observations (done for each trait)
   -number of phenotyped individuals  = 500
 * number of individuals used in analysis = 500
 * number of observations for each trait:
   - 'Y1': 500 observations
   - 'Y2': 500 observations
   -residualizing and scaling phenotypes...done (0ms) 
 * # threads        : [8]
 * block size       : [1000]
 * # blocks         : [1] for 758 variants
 * # CV folds       : [5]
 * ridge data_l0    : [5 : 0.01 0.25 0.5 0.75 0.99 ]
 * ridge data_l1    : [5 : 0.01 0.25 0.5 0.75 0.99 ]
 * approximate memory usage : 5MB
 * writing level 0 predictions to disk
   -temporary files will have prefix [tmp_rg_l0_Y]
   -approximate disk space needed : 1MB
 * setting memory...done

Chromosome 1
 block [1] : 758 snps  (2ms) 
   -residualizing and scaling genotypes...done (2ms) 
   -calc working matrices...done (22ms) 
   -calc level 0 ridge...done (1350ms) 

 Level 1 ridge...
   -on phenotype 1 (Y1)...done (0ms) 
   -on phenotype 2 (Y2)...done (0ms) 

Output
------
phenotype 1 (Y1) : 
  0.01  : Rsq = 0.00508319, MSE = 0.99293
  0.25  : Rsq = 0.0049349, MSE = 0.993786
  0.5   : Rsq = 0.00542925, MSE = 0.993415
  0.75  : Rsq = 0.00639562, MSE = 0.992482
  0.99  : Rsq = 0.0123062, MSE = 0.98696<- min value
  * making predictions...writing LOCO predictions...done (5ms) 

phenotype 2 (Y2) : 
  0.01  : Rsq = 0.0145366, MSE = 0.983512<- min value
  0.25  : Rsq = 0.0148319, MSE = 0.98409
  0.5   : Rsq = 0.0150768, MSE = 0.984172
  0.75  : Rsq = 0.0148203, MSE = 0.984957
  0.99  : Rsq = 0.0125642, MSE = 0.989033
  * making predictions...writing LOCO predictions...done (5ms) 

List of blup files written to: [regenie_step1_out_pred.list]

Elapsed time : 1.39369s
End time: Wed Jun 12 16:23:25 2024

