PLINK v2.00a2.3LM 64-bit Intel (24 Jan 2020)
Options in effect:
  --double-id
  --make-pgen
  --memory 16384
  --out 1000g_lpa_hg38.vcf
  --threads 8
  --vcf 1000g_lpa_hg38.vcf.gz dosage=DS

Hostname: acbc26c165e9
Working directory: /home/ec2-user/GWAS/nf-gwas/scripts/gwas_nf/Nextflow_Scripts/work/c9/fc42ab719eadd60d1392f8e2d1eba2
Start time: Wed Jun 12 16:20:53 2024

Random number seed: 1718209253
95017 MiB RAM detected; reserving 16384 MiB for main workspace.
Using up to 8 compute threads.
Warning: No FORMAT:DS field in --vcf file header. Dosages will not be imported.
--vcf: 3327 variants scanned.
--vcf: 1000g_lpa_hg38.vcf-temporary.pgen + 1000g_lpa_hg38.vcf-temporary.pvar +
1000g_lpa_hg38.vcf-temporary.psam written.
158 samples (0 females, 0 males, 158 ambiguous; 158 founders) loaded from
1000g_lpa_hg38.vcf-temporary.psam.
3327 variants loaded from 1000g_lpa_hg38.vcf-temporary.pvar.
Note: No phenotype data present.
Writing 1000g_lpa_hg38.vcf.psam ... done.
Writing 1000g_lpa_hg38.vcf.pvar ... done.
Writing 1000g_lpa_hg38.vcf.pgen ... done.

End time: Wed Jun 12 16:20:53 2024
