Start time: Tue Jun 11 15:14:51 2024

              |===========================|
              |      REGENIE v3.4.gz      |
              |===========================|

Copyright (c) 2020-2023 Joelle Mbatchou, Andrey Ziyatdinov and Jonathan Marchini.
Distributed under the MIT License.
Compiled with Boost Iostream library.

Log of output saved in file : 1000g_lpa_hg38.vcf.log

Options in effect:
  --step 2 \
  --pgen 1000g_lpa_hg38.vcf \
  --phenoFile phenotype_10000_samples_100cols.validated.txt \
  --phenoColList Y1,Y2,Y3,Y4,Y5,Y6,Y7,Y8,Y9,Y10,Y11,Y12,Y13 \
  --bsize 400 \
  --pred regenie_step1_out_pred.list \
  --threads 8 \
  --minMAC 5 \
  --minINFO 0.00 \
  --gz \
  --no-split \
  --test additive \
  --rare-mac 1000 \
  --out 1000g_lpa_hg38.vcf

Association testing mode with fast multithreading using OpenMP
 * pvar             : [1000g_lpa_hg38.vcf.pvar] n_snps = 3327
 * psam             : [1000g_lpa_hg38.vcf.psam] n_samples = 158
 * pgen             : [1000g_lpa_hg38.vcf.pgen] 
WARNING: Dosages are not present in the genotype file. Option --minINFO is skipped.
 * phenotypes       : [phenotype_10000_samples_100cols.validated.txt] n_pheno = 13
   -number of phenotyped individuals  = 158
 * number of individuals used in analysis = 158
 * number of observations for each trait:
   - 'Y1': 158 observations
   - 'Y2': 158 observations
   - 'Y3': 158 observations
   - 'Y4': 158 observations
   - 'Y5': 158 observations
   - 'Y6': 158 observations
   - 'Y7': 158 observations
   - 'Y8': 158 observations
   - 'Y9': 158 observations
   - 'Y10': 158 observations
   - 'Y11': 158 observations
   - 'Y12': 158 observations
   - 'Y13': 158 observations
 * LOCO predictions : [regenie_step1_out_pred.list]
   -file [regenie_step1_out_1.loco.gz] for phenotype 'Y1'
    + 124 individuals with missing LOCO predictions will be ignored for the trait
   -file [regenie_step1_out_2.loco.gz] for phenotype 'Y2'
    + 124 individuals with missing LOCO predictions will be ignored for the trait
   -file [regenie_step1_out_3.loco.gz] for phenotype 'Y3'
    + 124 individuals with missing LOCO predictions will be ignored for the trait
   -file [regenie_step1_out_4.loco.gz] for phenotype 'Y4'
    + 124 individuals with missing LOCO predictions will be ignored for the trait
   -file [regenie_step1_out_5.loco.gz] for phenotype 'Y5'
    + 124 individuals with missing LOCO predictions will be ignored for the trait
   -file [regenie_step1_out_6.loco.gz] for phenotype 'Y6'
    + 124 individuals with missing LOCO predictions will be ignored for the trait
   -file [regenie_step1_out_7.loco.gz] for phenotype 'Y7'
    + 124 individuals with missing LOCO predictions will be ignored for the trait
   -file [regenie_step1_out_8.loco.gz] for phenotype 'Y8'
    + 124 individuals with missing LOCO predictions will be ignored for the trait
   -file [regenie_step1_out_9.loco.gz] for phenotype 'Y9'
    + 124 individuals with missing LOCO predictions will be ignored for the trait
   -file [regenie_step1_out_10.loco.gz] for phenotype 'Y10'
    + 124 individuals with missing LOCO predictions will be ignored for the trait
   -file [regenie_step1_out_11.loco.gz] for phenotype 'Y11'
    + 124 individuals with missing LOCO predictions will be ignored for the trait
   -file [regenie_step1_out_12.loco.gz] for phenotype 'Y12'
    + 124 individuals with missing LOCO predictions will be ignored for the trait
   -file [regenie_step1_out_13.loco.gz] for phenotype 'Y13'
    + 124 individuals with missing LOCO predictions will be ignored for the trait
   -residualizing and scaling phenotypes...done (0ms) 
 * # threads        : [8]
 * block size       : [400]
 * # blocks         : [9]
 * approximate memory usage : 2MB
 * using minimum MAC of 5 (variants with lower MAC are ignored)
 * using minimum imputation info score of 0 (variants with lower info score are ignored)

Chromosome 6 [9 blocks in total]
   -reading loco predictions for the chromosome...done (17ms) 
 block [1/9] : done (1ms) 
 block [2/9] : done (0ms) 
 block [3/9] : done (0ms) 
 block [4/9] : done (0ms) 
 block [5/9] : done (0ms) 
 block [6/9] : done (0ms) 
 block [7/9] : done (0ms) 
 block [8/9] : done (0ms) 
 block [9/9] : done (0ms) 

Association results stored in file : 1000g_lpa_hg38.vcf.regenie.gz
 + dictionary with trait names in file : 1000g_lpa_hg38.vcf.regenie.Ydict

Number of ignored tests due to low MAC or info score : 39780

Elapsed time : 0.0974006s
End time: Tue Jun 11 15:14:51 2024

