Start time: Tue Jun 11 15:07:00 2024

              |===========================|
              |      REGENIE v3.4.gz      |
              |===========================|

Copyright (c) 2020-2023 Joelle Mbatchou, Andrey Ziyatdinov and Jonathan Marchini.
Distributed under the MIT License.
Compiled with Boost Iostream library.

Log of output saved in file : regenie_step1_out.log

Options in effect:
  --step 1 \
  --bed 1_samples.qc \
  --extract 1_samples.qc.snplist \
  --keep 1_samples.qc.id \
  --phenoFile phenotype_10000_samples_100cols.validated.txt \
  --phenoColList Y1,Y2,Y3,Y4,Y5,Y6,Y7,Y8,Y9,Y10,Y11,Y12,Y13 \
  --bsize 1000 \
  --lowmem \
  --lowmem-prefix tmp_rg \
  --gz \
  --threads 8 \
  --out regenie_step1_out \
  --use-relative-path

Fitting null model
 * bim              : [1_samples.qc.bim] n_snps = 100000
   -keeping variants specified by --extract
 * fam              : [1_samples.qc.fam] n_samples = 2389
   -keeping only individuals specified by --keep
 * bed              : [1_samples.qc.bed]
 * phenotypes       : [phenotype_10000_samples_100cols.validated.txt] n_pheno = 13
   -keeping and mean-imputing missing observations (done for each trait)
   -number of phenotyped individuals  = 2389
 * number of individuals used in analysis = 2389
 * number of observations for each trait:
   - 'Y1': 2389 observations
   - 'Y2': 2389 observations
   - 'Y3': 2389 observations
   - 'Y4': 2389 observations
   - 'Y5': 2389 observations
   - 'Y6': 2389 observations
   - 'Y7': 2389 observations
   - 'Y8': 2389 observations
   - 'Y9': 2389 observations
   - 'Y10': 2389 observations
   - 'Y11': 2389 observations
   - 'Y12': 2389 observations
   - 'Y13': 2389 observations
   -residualizing and scaling phenotypes...done (0ms) 
 * # threads        : [8]
 * block size       : [1000]
 * # blocks         : [101] for 100000 variants
 * # CV folds       : [5]
 * ridge data_l0    : [5 : 0.01 0.25 0.5 0.75 0.99 ]
 * ridge data_l1    : [5 : 0.01 0.25 0.5 0.75 0.99 ]
 * approximate memory usage : 43MB
 * writing level 0 predictions to disk
   -temporary files will have prefix [tmp_rg_l0_Y]
   -approximate disk space needed : 120MB
 * setting memory...done

Chromosome 1
 block [1] : 1000 snps  (16ms) 
   -residualizing and scaling genotypes...done (18ms) 
   -calc working matrices...done (76ms) 
   -calc level 0 ridge...done (4545ms) 
 block [2] : 1000 snps  (15ms) 
   -residualizing and scaling genotypes...done (12ms) 
   -calc working matrices...done (63ms) 
   -calc level 0 ridge...done (4537ms) 
 block [3] : 1000 snps  (15ms) 
   -residualizing and scaling genotypes...done (12ms) 
   -calc working matrices...done (63ms) 
   -calc level 0 ridge...done (4545ms) 
 block [4] : 1000 snps  (15ms) 
   -residualizing and scaling genotypes...done (12ms) 
   -calc working matrices...done (62ms) 
   -calc level 0 ridge...done (4564ms) 
 block [5] : 1000 snps  (15ms) 
   -residualizing and scaling genotypes...done (12ms) 
   -calc working matrices...done (62ms) 
   -calc level 0 ridge...done (4557ms) 
 block [6] : 1000 snps  (14ms) 
   -residualizing and scaling genotypes...done (12ms) 
   -calc working matrices...done (62ms) 
   -calc level 0 ridge...done (4557ms) 
 block [7] : 1000 snps  (14ms) 
   -residualizing and scaling genotypes...done (12ms) 
   -calc working matrices...done (63ms) 
   -calc level 0 ridge...done (4531ms) 
 block [8] : 1000 snps  (15ms) 
   -residualizing and scaling genotypes...done (12ms) 
   -calc working matrices...done (63ms) 
   -calc level 0 ridge...done (4556ms) 
 block [9] : 1000 snps  (14ms) 
   -residualizing and scaling genotypes...done (12ms) 
   -calc working matrices...done (63ms) 
   -calc level 0 ridge...done (4529ms) 
 block [10] : 1000 snps  (16ms) 
   -residualizing and scaling genotypes...done (12ms) 
   -calc working matrices...done (63ms) 
   -calc level 0 ridge...done (4528ms) 
 block [11] : 1000 snps  (15ms) 
   -residualizing and scaling genotypes...done (12ms) 
   -calc working matrices...done (63ms) 
   -calc level 0 ridge...done (4549ms) 
 block [12] : 1000 snps  (15ms) 
   -residualizing and scaling genotypes...done (14ms) 
   -calc working matrices...done (65ms) 
   -calc level 0 ridge...done (4537ms) 
 block [13] : 1000 snps  (15ms) 
   -residualizing and scaling genotypes...done (12ms) 
   -calc working matrices...done (62ms) 
   -calc level 0 ridge...done (4537ms) 
 block [14] : 1000 snps  (15ms) 
   -residualizing and scaling genotypes...done (12ms) 
   -calc working matrices...done (62ms) 
   -calc level 0 ridge...done (4555ms) 
 block [15] : 1000 snps  (15ms) 
   -residualizing and scaling genotypes...done (12ms) 
   -calc working matrices...done (62ms) 
   -calc level 0 ridge...done (4543ms) 
 block [16] : 1000 snps  (16ms) 
   -residualizing and scaling genotypes...done (12ms) 
   -calc working matrices...done (63ms) 
   -calc level 0 ridge...done (4562ms) 
 block [17] : 1000 snps  (15ms) 
   -residualizing and scaling genotypes...done (12ms) 
   -calc working matrices...done (62ms) 
   -calc level 0 ridge...done (4557ms) 
 block [18] : 1000 snps  (15ms) 
   -residualizing and scaling genotypes...done (12ms) 
   -calc working matrices...done (63ms) 
   -calc level 0 ridge...done (4549ms) 
 block [19] : 1000 snps  (14ms) 
   -residualizing and scaling genotypes...done (12ms) 
   -calc working matrices...done (63ms) 
   -calc level 0 ridge...done (4536ms) 
 block [20] : 999 snps  (7ms) 
   -residualizing and scaling genotypes...done (13ms) 
   -calc working matrices...done (62ms) 
   -calc level 0 ridge...done (4587ms) 
Chromosome 2
 block [21] : 1000 snps  (13ms) 
   -residualizing and scaling genotypes...done (17ms) 
   -calc working matrices...done (61ms) 
   -calc level 0 ridge...done (4567ms) 
 block [22] : 1000 snps  (15ms) 
   -residualizing and scaling genotypes...done (12ms) 
   -calc working matrices...done (62ms) 
   -calc level 0 ridge...done (4557ms) 
 block [23] : 1000 snps  (15ms) 
   -residualizing and scaling genotypes...done (13ms) 
   -calc working matrices...done (63ms) 
   -calc level 0 ridge...done (4537ms) 
 block [24] : 1000 snps  (15ms) 
   -residualizing and scaling genotypes...done (11ms) 
   -calc working matrices...done (62ms) 
   -calc level 0 ridge...done (4548ms) 
 block [25] : 1000 snps  (15ms) 
   -residualizing and scaling genotypes...done (12ms) 
   -calc working matrices...done (63ms) 
   -calc level 0 ridge...done (4536ms) 
 block [26] : 1000 snps  (15ms) 
   -residualizing and scaling genotypes...done (12ms) 
   -calc working matrices...done (63ms) 
   -calc level 0 ridge...done (4559ms) 
 block [27] : 1000 snps  (16ms) 
   -residualizing and scaling genotypes...done (12ms) 
   -calc working matrices...done (62ms) 
   -calc level 0 ridge...done (4534ms) 
 block [28] : 1000 snps  (15ms) 
   -residualizing and scaling genotypes...done (12ms) 
   -calc working matrices...done (63ms) 
   -calc level 0 ridge...done (4554ms) 
 block [29] : 1000 snps  (15ms) 
   -residualizing and scaling genotypes...done (12ms) 
   -calc working matrices...done (62ms) 
   -calc level 0 ridge...done (4554ms) 
 block [30] : 1000 snps  (16ms) 
   -residualizing and scaling genotypes...done (12ms) 
   -calc working matrices...done (62ms) 
   -calc level 0 ridge...done (4545ms) 
 block [31] : 1000 snps  (15ms) 
   -residualizing and scaling genotypes...done (12ms) 
   -calc working matrices...done (63ms) 
   -calc level 0 ridge...done (4545ms) 
 block [32] : 1000 snps  (16ms) 
   -residualizing and scaling genotypes...done (12ms) 
   -calc working matrices...done (63ms) 
   -calc level 0 ridge...done (4554ms) 
 block [33] : 1000 snps  (15ms) 
   -residualizing and scaling genotypes...done (13ms) 
   -calc working matrices...done (63ms) 
   -calc level 0 ridge...done (4559ms) 
 block [34] : 1000 snps  (15ms) 
   -residualizing and scaling genotypes...done (12ms) 
   -calc working matrices...done (62ms) 
   -calc level 0 ridge...done (4549ms) 
 block [35] : 1000 snps  (16ms) 
   -residualizing and scaling genotypes...done (12ms) 
   -calc working matrices...done (62ms) 
   -calc level 0 ridge...done (4560ms) 
 block [36] : 1000 snps  (15ms) 
   -residualizing and scaling genotypes...done (12ms) 
   -calc working matrices...done (62ms) 
   -calc level 0 ridge...done (4557ms) 
 block [37] : 1000 snps  (15ms) 
   -residualizing and scaling genotypes...done (13ms) 
   -calc working matrices...done (62ms) 
   -calc level 0 ridge...done (4568ms) 
 block [38] : 1000 snps  (15ms) 
   -residualizing and scaling genotypes...done (11ms) 
   -calc working matrices...done (62ms) 
   -calc level 0 ridge...done (4562ms) 
 block [39] : 1000 snps  (15ms) 
   -residualizing and scaling genotypes...done (12ms) 
   -calc working matrices...done (62ms) 
   -calc level 0 ridge...done (4560ms) 
 block [40] : 1000 snps  (15ms) 
   -residualizing and scaling genotypes...done (11ms) 
   -calc working matrices...done (62ms) 
   -calc level 0 ridge...done (4564ms) 
Chromosome 3
 block [41] : 1000 snps  (15ms) 
   -residualizing and scaling genotypes...done (11ms) 
   -calc working matrices...done (62ms) 
   -calc level 0 ridge...done (4556ms) 
 block [42] : 1000 snps  (15ms) 
   -residualizing and scaling genotypes...done (12ms) 
   -calc working matrices...done (62ms) 
   -calc level 0 ridge...done (4562ms) 
 block [43] : 1000 snps  (16ms) 
   -residualizing and scaling genotypes...done (12ms) 
   -calc working matrices...done (63ms) 
   -calc level 0 ridge...done (4572ms) 
 block [44] : 1000 snps  (15ms) 
   -residualizing and scaling genotypes...done (12ms) 
   -calc working matrices...done (62ms) 
   -calc level 0 ridge...done (4558ms) 
 block [45] : 1000 snps  (15ms) 
   -residualizing and scaling genotypes...done (12ms) 
   -calc working matrices...done (63ms) 
   -calc level 0 ridge...done (4556ms) 
 block [46] : 1000 snps  (16ms) 
   -residualizing and scaling genotypes...done (12ms) 
   -calc working matrices...done (63ms) 
   -calc level 0 ridge...done (4569ms) 
 block [47] : 1000 snps  (16ms) 
   -residualizing and scaling genotypes...done (12ms) 
   -calc working matrices...done (63ms) 
   -calc level 0 ridge...done (4550ms) 
 block [48] : 1000 snps  (15ms) 
   -residualizing and scaling genotypes...done (12ms) 
   -calc working matrices...done (62ms) 
   -calc level 0 ridge...done (4557ms) 
 block [49] : 1000 snps  (15ms) 
   -residualizing and scaling genotypes...done (12ms) 
   -calc working matrices...done (62ms) 
   -calc level 0 ridge...done (4550ms) 
 block [50] : 1000 snps  (16ms) 
   -residualizing and scaling genotypes...done (12ms) 
   -calc working matrices...done (62ms) 
   -calc level 0 ridge...done (4546ms) 
 block [51] : 1000 snps  (15ms) 
   -residualizing and scaling genotypes...done (12ms) 
   -calc working matrices...done (62ms) 
   -calc level 0 ridge...done (4527ms) 
 block [52] : 1000 snps  (15ms) 
   -residualizing and scaling genotypes...done (12ms) 
   -calc working matrices...done (62ms) 
   -calc level 0 ridge...done (4555ms) 
 block [53] : 1000 snps  (16ms) 
   -residualizing and scaling genotypes...done (12ms) 
   -calc working matrices...done (62ms) 
   -calc level 0 ridge...done (4571ms) 
 block [54] : 1000 snps  (15ms) 
   -residualizing and scaling genotypes...done (12ms) 
   -calc working matrices...done (62ms) 
   -calc level 0 ridge...done (4566ms) 
 block [55] : 1000 snps  (14ms) 
   -residualizing and scaling genotypes...done (11ms) 
   -calc working matrices...done (62ms) 
   -calc level 0 ridge...done (4555ms) 
 block [56] : 1000 snps  (15ms) 
   -residualizing and scaling genotypes...done (12ms) 
   -calc working matrices...done (62ms) 
   -calc level 0 ridge...done (4567ms) 
 block [57] : 1000 snps  (15ms) 
   -residualizing and scaling genotypes...done (11ms) 
   -calc working matrices...done (62ms) 
   -calc level 0 ridge...done (4554ms) 
 block [58] : 1000 snps  (15ms) 
   -residualizing and scaling genotypes...done (12ms) 
   -calc working matrices...done (62ms) 
   -calc level 0 ridge...done (4565ms) 
 block [59] : 1000 snps  (15ms) 
   -residualizing and scaling genotypes...done (12ms) 
   -calc working matrices...done (62ms) 
   -calc level 0 ridge...done (4541ms) 
 block [60] : 1000 snps  (15ms) 
   -residualizing and scaling genotypes...done (12ms) 
   -calc working matrices...done (62ms) 
   -calc level 0 ridge...done (4550ms) 
Chromosome 4
 block [61] : 1000 snps  (15ms) 
   -residualizing and scaling genotypes...done (12ms) 
   -calc working matrices...done (63ms) 
   -calc level 0 ridge...done (4555ms) 
 block [62] : 1000 snps  (15ms) 
   -residualizing and scaling genotypes...done (12ms) 
   -calc working matrices...done (62ms) 
   -calc level 0 ridge...done (4567ms) 
 block [63] : 1000 snps  (16ms) 
   -residualizing and scaling genotypes...done (12ms) 
   -calc working matrices...done (62ms) 
   -calc level 0 ridge...done (4562ms) 
 block [64] : 1000 snps  (15ms) 
   -residualizing and scaling genotypes...done (12ms) 
   -calc working matrices...done (62ms) 
   -calc level 0 ridge...done (4554ms) 
 block [65] : 1000 snps  (15ms) 
   -residualizing and scaling genotypes...done (12ms) 
   -calc working matrices...done (62ms) 
   -calc level 0 ridge...done (4546ms) 
 block [66] : 1000 snps  (15ms) 
   -residualizing and scaling genotypes...done (12ms) 
   -calc working matrices...done (62ms) 
   -calc level 0 ridge...done (4555ms) 
 block [67] : 1000 snps  (15ms) 
   -residualizing and scaling genotypes...done (12ms) 
   -calc working matrices...done (62ms) 
   -calc level 0 ridge...done (4563ms) 
 block [68] : 1000 snps  (16ms) 
   -residualizing and scaling genotypes...done (12ms) 
   -calc working matrices...done (62ms) 
   -calc level 0 ridge...done (4527ms) 
 block [69] : 1000 snps  (15ms) 
   -residualizing and scaling genotypes...done (12ms) 
   -calc working matrices...done (63ms) 
   -calc level 0 ridge...done (4540ms) 
 block [70] : 1000 snps  (16ms) 
   -residualizing and scaling genotypes...done (13ms) 
   -calc working matrices...done (64ms) 
   -calc level 0 ridge...done (4549ms) 
 block [71] : 1000 snps  (15ms) 
   -residualizing and scaling genotypes...done (12ms) 
   -calc working matrices...done (62ms) 
   -calc level 0 ridge...done (4556ms) 
 block [72] : 1000 snps  (15ms) 
   -residualizing and scaling genotypes...done (12ms) 
   -calc working matrices...done (62ms) 
   -calc level 0 ridge...done (4539ms) 
 block [73] : 1000 snps  (15ms) 
   -residualizing and scaling genotypes...done (12ms) 
   -calc working matrices...done (63ms) 
   -calc level 0 ridge...done (4531ms) 
 block [74] : 1000 snps  (15ms) 
   -residualizing and scaling genotypes...done (12ms) 
   -calc working matrices...done (62ms) 
   -calc level 0 ridge...done (4562ms) 
 block [75] : 1000 snps  (15ms) 
   -residualizing and scaling genotypes...done (12ms) 
   -calc working matrices...done (62ms) 
   -calc level 0 ridge...done (4551ms) 
 block [76] : 1000 snps  (15ms) 
   -residualizing and scaling genotypes...done (12ms) 
   -calc working matrices...done (62ms) 
   -calc level 0 ridge...done (4535ms) 
 block [77] : 1000 snps  (15ms) 
   -residualizing and scaling genotypes...done (12ms) 
   -calc working matrices...done (62ms) 
   -calc level 0 ridge...done (4554ms) 
 block [78] : 1000 snps  (15ms) 
   -residualizing and scaling genotypes...done (12ms) 
   -calc working matrices...done (62ms) 
   -calc level 0 ridge...done (4549ms) 
 block [79] : 1000 snps  (16ms) 
   -residualizing and scaling genotypes...done (11ms) 
   -calc working matrices...done (62ms) 
   -calc level 0 ridge...done (4530ms) 
 block [80] : 1000 snps  (15ms) 
   -residualizing and scaling genotypes...done (11ms) 
   -calc working matrices...done (62ms) 
   -calc level 0 ridge...done (4540ms) 
Chromosome 5
 block [81] : 1000 snps  (16ms) 
   -residualizing and scaling genotypes...done (11ms) 
   -calc working matrices...done (62ms) 
   -calc level 0 ridge...done (4541ms) 
 block [82] : 1000 snps  (16ms) 
   -residualizing and scaling genotypes...done (12ms) 
   -calc working matrices...done (62ms) 
   -calc level 0 ridge...done (4529ms) 
 block [83] : 1000 snps  (15ms) 
   -residualizing and scaling genotypes...done (12ms) 
   -calc working matrices...done (62ms) 
   -calc level 0 ridge...done (4555ms) 
 block [84] : 1000 snps  (15ms) 
   -residualizing and scaling genotypes...done (12ms) 
   -calc working matrices...done (62ms) 
   -calc level 0 ridge...done (4557ms) 
 block [85] : 1000 snps  (16ms) 
   -residualizing and scaling genotypes...done (12ms) 
   -calc working matrices...done (62ms) 
   -calc level 0 ridge...done (4545ms) 
 block [86] : 1000 snps  (16ms) 
   -residualizing and scaling genotypes...done (12ms) 
   -calc working matrices...done (62ms) 
   -calc level 0 ridge...done (4542ms) 
 block [87] : 1000 snps  (15ms) 
   -residualizing and scaling genotypes...done (12ms) 
   -calc working matrices...done (62ms) 
   -calc level 0 ridge...done (4541ms) 
 block [88] : 1000 snps  (15ms) 
   -residualizing and scaling genotypes...done (11ms) 
   -calc working matrices...done (63ms) 
   -calc level 0 ridge...done (4540ms) 
 block [89] : 1000 snps  (15ms) 
   -residualizing and scaling genotypes...done (11ms) 
   -calc working matrices...done (62ms) 
   -calc level 0 ridge...done (4542ms) 
 block [90] : 1000 snps  (15ms) 
   -residualizing and scaling genotypes...done (12ms) 
   -calc working matrices...done (62ms) 
   -calc level 0 ridge...done (4536ms) 
 block [91] : 1000 snps  (16ms) 
   -residualizing and scaling genotypes...done (12ms) 
   -calc working matrices...done (62ms) 
   -calc level 0 ridge...done (4582ms) 
 block [92] : 1000 snps  (16ms) 
   -residualizing and scaling genotypes...done (12ms) 
   -calc working matrices...done (62ms) 
   -calc level 0 ridge...done (4529ms) 
 block [93] : 1000 snps  (15ms) 
   -residualizing and scaling genotypes...done (12ms) 
   -calc working matrices...done (62ms) 
   -calc level 0 ridge...done (4547ms) 
 block [94] : 1000 snps  (15ms) 
   -residualizing and scaling genotypes...done (12ms) 
   -calc working matrices...done (62ms) 
   -calc level 0 ridge...done (4546ms) 
 block [95] : 1000 snps  (15ms) 
   -residualizing and scaling genotypes...done (12ms) 
   -calc working matrices...done (62ms) 
   -calc level 0 ridge...done (4520ms) 
 block [96] : 1000 snps  (15ms) 
   -residualizing and scaling genotypes...done (12ms) 
   -calc working matrices...done (63ms) 
   -calc level 0 ridge...done (4552ms) 
 block [97] : 1000 snps  (15ms) 
   -residualizing and scaling genotypes...done (12ms) 
   -calc working matrices...done (63ms) 
   -calc level 0 ridge...done (4556ms) 
 block [98] : 1000 snps  (15ms) 
   -residualizing and scaling genotypes...done (12ms) 
   -calc working matrices...done (62ms) 
   -calc level 0 ridge...done (4550ms) 
 block [99] : 1000 snps  (15ms) 
   -residualizing and scaling genotypes...done (12ms) 
   -calc working matrices...done (62ms) 
   -calc level 0 ridge...done (4556ms) 
 block [100] : 1000 snps  (15ms) 
   -residualizing and scaling genotypes...done (12ms) 
   -calc working matrices...done (63ms) 
   -calc level 0 ridge...done (4534ms) 
Chromosome 6
 block [101] : 1 snps  (0ms) 
   -residualizing and scaling genotypes...done (0ms) 
   -calc working matrices...done (3ms) 
   -calc level 0 ridge...done (1ms) 

 Level 1 ridge...
   -on phenotype 1 (Y1)...done (371ms) 
   -on phenotype 2 (Y2)...done (367ms) 
   -on phenotype 3 (Y3)...done (366ms) 
   -on phenotype 4 (Y4)...done (367ms) 
   -on phenotype 5 (Y5)...done (366ms) 
   -on phenotype 6 (Y6)...done (369ms) 
   -on phenotype 7 (Y7)...done (368ms) 
   -on phenotype 8 (Y8)...done (369ms) 
   -on phenotype 9 (Y9)...done (369ms) 
   -on phenotype 10 (Y10)...done (368ms) 
   -on phenotype 11 (Y11)...done (367ms) 
   -on phenotype 12 (Y12)...done (367ms) 
   -on phenotype 13 (Y13)...done (368ms) 

Output
------
phenotype 1 (Y1) : 
  0.01  : Rsq = 0.0346673, MSE = 0.983407
  0.25  : Rsq = 0.0369303, MSE = 0.968957<- min value
  0.5   : Rsq = 0.040897, MSE = 0.970652
  0.75  : Rsq = 0.0434921, MSE = 0.976702
  0.99  : Rsq = 0.0423132, MSE = 1.00593
  * making predictions...writing LOCO predictions...done (56ms) 

phenotype 2 (Y2) : 
  0.01  : Rsq = 0.0461091, MSE = 0.97937
  0.25  : Rsq = 0.0490338, MSE = 0.955427<- min value
  0.5   : Rsq = 0.0538155, MSE = 0.955747
  0.75  : Rsq = 0.0577216, MSE = 0.958608
  0.99  : Rsq = 0.0580052, MSE = 0.980818
  * making predictions...writing LOCO predictions...done (56ms) 

phenotype 3 (Y3) : 
  0.01  : Rsq = 0.0337758, MSE = 0.984016
  0.25  : Rsq = 0.0380848, MSE = 0.966999<- min value
  0.5   : Rsq = 0.0425265, MSE = 0.967345
  0.75  : Rsq = 0.0458237, MSE = 0.970702
  0.99  : Rsq = 0.0458999, MSE = 0.993272
  * making predictions...writing LOCO predictions...done (56ms) 

phenotype 4 (Y4) : 
  0.01  : Rsq = 0.0364881, MSE = 0.983043
  0.25  : Rsq = 0.0409703, MSE = 0.963498
  0.5   : Rsq = 0.0466153, MSE = 0.962096<- min value
  0.75  : Rsq = 0.0508622, MSE = 0.964289
  0.99  : Rsq = 0.0508749, MSE = 0.987559
  * making predictions...writing LOCO predictions...done (56ms) 

phenotype 5 (Y5) : 
  0.01  : Rsq = 0.0272091, MSE = 0.986403
  0.25  : Rsq = 0.0320647, MSE = 0.973849
  0.5   : Rsq = 0.039097, MSE = 0.97061
  0.75  : Rsq = 0.0458335, MSE = 0.969737<- min value
  0.99  : Rsq = 0.0509011, MSE = 0.986181
  * making predictions...writing LOCO predictions...done (56ms) 

phenotype 6 (Y6) : 
  0.01  : Rsq = 0.0274786, MSE = 0.985712
  0.25  : Rsq = 0.0282891, MSE = 0.98038<- min value
  0.5   : Rsq = 0.0302909, MSE = 0.985715
  0.75  : Rsq = 0.0308607, MSE = 0.996173
  0.99  : Rsq = 0.0284282, MSE = 1.03066
  * making predictions...writing LOCO predictions...done (56ms) 

phenotype 7 (Y7) : 
  0.01  : Rsq = 0.0327588, MSE = 0.984208
  0.25  : Rsq = 0.0347228, MSE = 0.970805<- min value
  0.5   : Rsq = 0.0388428, MSE = 0.971924
  0.75  : Rsq = 0.0417227, MSE = 0.977401
  0.99  : Rsq = 0.0419155, MSE = 1.00352
  * making predictions...writing LOCO predictions...done (56ms) 

phenotype 8 (Y8) : 
  0.01  : Rsq = 0.0346897, MSE = 0.983946
  0.25  : Rsq = 0.0428152, MSE = 0.960445
  0.5   : Rsq = 0.0532119, MSE = 0.952563
  0.75  : Rsq = 0.0627439, MSE = 0.947533<- min value
  0.99  : Rsq = 0.0673301, MSE = 0.963159
  * making predictions...writing LOCO predictions...done (56ms) 

phenotype 9 (Y9) : 
  0.01  : Rsq = 0.0207937, MSE = 0.988651
  0.25  : Rsq = 0.0215033, MSE = 0.987606<- min value
  0.5   : Rsq = 0.0237358, MSE = 0.991523
  0.75  : Rsq = 0.0255334, MSE = 0.99775
  0.99  : Rsq = 0.0261115, MSE = 1.02059
  * making predictions...writing LOCO predictions...done (56ms) 

phenotype 10 (Y10) : 
  0.01  : Rsq = 0.020988, MSE = 0.988771
  0.25  : Rsq = 0.0227214, MSE = 0.984657<- min value
  0.5   : Rsq = 0.0258626, MSE = 0.986825
  0.75  : Rsq = 0.0279007, MSE = 0.993165
  0.99  : Rsq = 0.0277138, MSE = 1.01887
  * making predictions...writing LOCO predictions...done (56ms) 

phenotype 11 (Y11) : 
  0.01  : Rsq = 0.0359569, MSE = 0.98289
  0.25  : Rsq = 0.0376643, MSE = 0.969648<- min value
  0.5   : Rsq = 0.0395986, MSE = 0.97526
  0.75  : Rsq = 0.0398545, MSE = 0.985261
  0.99  : Rsq = 0.0375599, MSE = 1.01469
  * making predictions...writing LOCO predictions...done (55ms) 

phenotype 12 (Y12) : 
  0.01  : Rsq = 0.0398694, MSE = 0.98144
  0.25  : Rsq = 0.0404063, MSE = 0.965513<- min value
  0.5   : Rsq = 0.041953, MSE = 0.970665
  0.75  : Rsq = 0.0419865, MSE = 0.979697
  0.99  : Rsq = 0.0390781, MSE = 1.00801
  * making predictions...writing LOCO predictions...done (56ms) 

phenotype 13 (Y13) : 
  0.01  : Rsq = 0.032349, MSE = 0.984536
  0.25  : Rsq = 0.0341671, MSE = 0.971573<- min value
  0.5   : Rsq = 0.0360144, MSE = 0.975737
  0.75  : Rsq = 0.0362543, MSE = 0.984194
  0.99  : Rsq = 0.0336375, MSE = 1.01257
  * making predictions...writing LOCO predictions...done (56ms) 

List of blup files written to: [regenie_step1_out_pred.list]

Elapsed time : 470.126s
End time: Tue Jun 11 15:14:50 2024

