Picked up JAVA_TOOL_OPTIONS: -Djdk.lang.Process.launchMechanism=vfork

genomic-utils 0.3.7
https://github.com/genepi/genomic-utils
(c) 2023 Lukas Forer and Sebastian Sch?nherr

Load annotation file from 'genes.hg38.v32.csv'.
Load input file from '1000g_lpa_hg38.vcf.regenie.gz'.
Annotating input file....
Annotated 376 of 376 lines.
Written annotated lines to '1000g_lpa_hg38.vcf.regenie.genes.txt.gz'.
Picked up JAVA_TOOL_OPTIONS: -Djdk.lang.Process.launchMechanism=vfork

genomic-utils 0.3.7
https://github.com/genepi/genomic-utils
(c) 2023 Lukas Forer and Sebastian Sch?nherr

Load annotation file from 'rsids.tsv.gz'.
Detected columns: [CHROM, POS, RSID, REF, ALT, AAF]
Load input file from '1000g_lpa_hg38.vcf.regenie.genes.txt.gz'.
Annotating input file....
Warning: no annotation entry found for '6:160531301'
Warning: no annotation entry found for '6:160531784'
Warning: no annotation entry found for '6:160531806'
Warning: no annotation entry found for '6:160532003'
Warning: no annotation entry found for '6:160532105'
Warning: no annotation entry found for '6:160532226'
Warning: no annotation entry found for '6:160532440'
Warning: no annotation entry found for '6:160532902'
Warning: no annotation entry found for '6:160533473'
Warning: no annotation entry found for '6:160533768'
Warning: no annotation entry found for '6:160534553'
Warning: no annotation entry found for '6:160534681'
Warning: no annotation entry found for '6:160536082'
Warning: no annotation entry found for '6:160536664'
Warning: no annotation entry found for '6:160536730'
Warning: no annotation entry found for '6:160536737'
Warning: no annotation entry found for '6:160538799'
Warning: no annotation entry found for '6:160539327'
Warning: no annotation entry found for '6:160539840'
Warning: no annotation entry found for '6:160540105'
Warning: no annotation entry found for '6:160541334'
Warning: no annotation entry found for '6:160541336'
Warning: no annotation entry found for '6:160541338'
Warning: no annotation entry found for '6:160541471'
Warning: no annotation entry found for '6:160541978'
Warning: no annotation entry found for '6:160542198'
Warning: no annotation entry found for '6:160543103'
Warning: no annotation entry found for '6:160544586'
Warning: no annotation entry found for '6:160545315'
Warning: no annotation entry found for '6:160545376'
Warning: no annotation entry found for '6:160545377'
Warning: no annotation entry found for '6:160547831'
Warning: no annotation entry found for '6:160548043'
Warning: no annotation entry found for '6:160548064'
Warning: no annotation entry found for '6:160548597'
Warning: no annotation entry found for '6:160548661'
Warning: no annotation entry found for '6:160548706'
Warning: no annotation entry found for '6:160549931'
Warning: no annotation entry found for '6:160550220'
Warning: no annotation entry found for '6:160550254'
Warning: no annotation entry found for '6:160550939'
Warning: no annotation entry found for '6:160551913'
Warning: no annotation entry found for '6:160552873'
Warning: no annotation entry found for '6:160553396'
Warning: no annotation entry found for '6:160553546'
Warning: no annotation entry found for '6:160553963'
Warning: no annotation entry found for '6:160553966'
Warning: no annotation entry found for '6:160554597'
Warning: no annotation entry found for '6:160555116'
Warning: no annotation entry found for '6:160555167'
Warning: no annotation entry found for '6:160555238'
Warning: no annotation entry found for '6:160555238'
Warning: no annotation entry found for '6:160555238'
Warning: no annotation entry found for '6:160555238'
Warning: no annotation entry found for '6:160555238'
Warning: no annotation entry found for '6:160555294'
Warning: no annotation entry found for '6:160555294'
Warning: no annotation entry found for '6:160555436'
Warning: no annotation entry found for '6:160555436'
Warning: no annotation entry found for '6:160555455'
Warning: no annotation entry found for '6:160555465'
Warning: no annotation entry found for '6:160555588'
Warning: no annotation entry found for '6:160556343'
Warning: no annotation entry found for '6:160557965'
Warning: no annotation entry found for '6:160559298'
Warning: no annotation entry found for '6:160559369'
Warning: no annotation entry found for '6:160560704'
Warning: no annotation entry found for '6:160560903'
Warning: no annotation entry found for '6:160561019'
Warning: no annotation entry found for '6:160561257'
Warning: no annotation entry found for '6:160562177'
Warning: no annotation entry found for '6:160562330'
Warning: no annotation entry found for '6:160564003'
Warning: no annotation entry found for '6:160564075'
Warning: no annotation entry found for '6:160564406'
Warning: no annotation entry found for '6:160564469'
Warning: no annotation entry found for '6:160564494'
Warning: no annotation entry found for '6:160564641'
Warning: no annotation entry found for '6:160564842'
Warning: no annotation entry found for '6:160565755'
Warning: no annotation entry found for '6:160565883'
Warning: no annotation entry found for '6:160566507'
Warning: no annotation entry found for '6:160566515'
Warning: no annotation entry found for '6:160566696'
Warning: no annotation entry found for '6:160566855'
Warning: no annotation entry found for '6:160567399'
Warning: no annotation entry found for '6:160567643'
Warning: no annotation entry found for '6:160567925'
Warning: no annotation entry found for '6:160568105'
Warning: no annotation entry found for '6:160568166'
Warning: no annotation entry found for '6:160568256'
Warning: no annotation entry found for '6:160569425'
Warning: no annotation entry found for '6:160570705'
Warning: no annotation entry found for '6:160570766'
Warning: no annotation entry found for '6:160570969'
Warning: no annotation entry found for '6:160572716'
Warning: no annotation entry found for '6:160573111'
Warning: no annotation entry found for '6:160573345'
Warning: no annotation entry found for '6:160574167'
Warning: no annotation entry found for '6:160574182'
Warning: no annotation entry found for '6:160574511'
Warning: no annotation entry found for '6:160574924'
Warning: no annotation entry found for '6:160575190'
Warning: no annotation entry found for '6:160575295'
Warning: no annotation entry found for '6:160575765'
Warning: no annotation entry found for '6:160576086'
Warning: no annotation entry found for '6:160576204'
Warning: no annotation entry found for '6:160576332'
Warning: no annotation entry found for '6:160576334'
Warning: no annotation entry found for '6:160576367'
Warning: no annotation entry found for '6:160576368'
Warning: no annotation entry found for '6:160576571'
Warning: no annotation entry found for '6:160576670'
Warning: no annotation entry found for '6:160576670'
Warning: no annotation entry found for '6:160576670'
Warning: no annotation entry found for '6:160576686'
Warning: no annotation entry found for '6:160576686'
Warning: no annotation entry found for '6:160576688'
Warning: no annotation entry found for '6:160576690'
Warning: no annotation entry found for '6:160576690'
Warning: no annotation entry found for '6:160576690'
Warning: no annotation entry found for '6:160576707'
Warning: no annotation entry found for '6:160577116'
Warning: no annotation entry found for '6:160577650'
Warning: no annotation entry found for '6:160578008'
Warning: no annotation entry found for '6:160578159'
Warning: no annotation entry found for '6:160580175'
Warning: no annotation entry found for '6:160580183'
Warning: no annotation entry found for '6:160580681'
Warning: no annotation entry found for '6:160581717'
Warning: no annotation entry found for '6:160581785'
Warning: no annotation entry found for '6:160582233'
Warning: no annotation entry found for '6:160582804'
Warning: no annotation entry found for '6:160583319'
Warning: no annotation entry found for '6:160583459'
Warning: no annotation entry found for '6:160583940'
Warning: no annotation entry found for '6:160584170'
Warning: no annotation entry found for '6:160584170'
Warning: no annotation entry found for '6:160584170'
Warning: no annotation entry found for '6:160584170'
Warning: no annotation entry found for '6:160584170'
Warning: no annotation entry found for '6:160584170'
Warning: no annotation entry found for '6:160584216'
Warning: no annotation entry found for '6:160584219'
Warning: no annotation entry found for '6:160584222'
Warning: no annotation entry found for '6:160584225'
Warning: no annotation entry found for '6:160584237'
Warning: no annotation entry found for '6:160584237'
Warning: no annotation entry found for '6:160584237'
Warning: no annotation entry found for '6:160584237'
Warning: no annotation entry found for '6:160584237'
Warning: no annotation entry found for '6:160584270'
Warning: no annotation entry found for '6:160584270'
Warning: no annotation entry found for '6:160584356'
Warning: no annotation entry found for '6:160584357'
Warning: no annotation entry found for '6:160584436'
Warning: no annotation entry found for '6:160584578'
Warning: no annotation entry found for '6:160585045'
Warning: no annotation entry found for '6:160585140'
Warning: no annotation entry found for '6:160585956'
Warning: no annotation entry found for '6:160586328'
Warning: no annotation entry found for '6:160586464'
Warning: no annotation entry found for '6:160586506'
Warning: no annotation entry found for '6:160587083'
Warning: no annotation entry found for '6:160587613'
Warning: no annotation entry found for '6:160587614'
Warning: no annotation entry found for '6:160587751'
Warning: no annotation entry found for '6:160587751'
Warning: no annotation entry found for '6:160587751'
Warning: no annotation entry found for '6:160587751'
Warning: no annotation entry found for '6:160587751'
Warning: no annotation entry found for '6:160587795'
Warning: no annotation entry found for '6:160587797'
Warning: no annotation entry found for '6:160587798'
Warning: no annotation entry found for '6:160587799'
Warning: no annotation entry found for '6:160587800'
Warning: no annotation entry found for '6:160587801'
Warning: no annotation entry found for '6:160587801'
Warning: no annotation entry found for '6:160587801'
Warning: no annotation entry found for '6:160587801'
Warning: no annotation entry found for '6:160588256'
Warning: no annotation entry found for '6:160588462'
Warning: no annotation entry found for '6:160588652'
Warning: no annotation entry found for '6:160589086'
Warning: no annotation entry found for '6:160589118'
Warning: no annotation entry found for '6:160589322'
Warning: no annotation entry found for '6:160589522'
Warning: no annotation entry found for '6:160589734'
Warning: no annotation entry found for '6:160590105'
Warning: no annotation entry found for '6:160590875'
Warning: no annotation entry found for '6:160591717'
Warning: no annotation entry found for '6:160591773'
Warning: no annotation entry found for '6:160591820'
Warning: no annotation entry found for '6:160591933'
Warning: no annotation entry found for '6:160591981'
Warning: no annotation entry found for '6:160591987'
Warning: no annotation entry found for '6:160591998'
Warning: no annotation entry found for '6:160592237'
Warning: no annotation entry found for '6:160592290'
Warning: no annotation entry found for '6:160592368'
Warning: no annotation entry found for '6:160592794'
Warning: no annotation entry found for '6:160593075'
Warning: no annotation entry found for '6:160593115'
Warning: no annotation entry found for '6:160593457'
Warning: no annotation entry found for '6:160593719'
Warning: no annotation entry found for '6:160594374'
Warning: no annotation entry found for '6:160594722'
Warning: no annotation entry found for '6:160594730'
Warning: no annotation entry found for '6:160595634'
Warning: no annotation entry found for '6:160596020'
Warning: no annotation entry found for '6:160596088'
Warning: no annotation entry found for '6:160596331'
Warning: no annotation entry found for '6:160596393'
Warning: no annotation entry found for '6:160596419'
Warning: no annotation entry found for '6:160596961'
Warning: no annotation entry found for '6:160596982'
Warning: no annotation entry found for '6:160597142'
Warning: no annotation entry found for '6:160597432'
Warning: no annotation entry found for '6:160597953'
Warning: no annotation entry found for '6:160598106'
Warning: no annotation entry found for '6:160598834'
Warning: no annotation entry found for '6:160600616'
Warning: no annotation entry found for '6:160600841'
Warning: no annotation entry found for '6:160601391'
Warning: no annotation entry found for '6:160601463'
Warning: no annotation entry found for '6:160602133'
Warning: no annotation entry found for '6:160602177'
Warning: no annotation entry found for '6:160602313'
Warning: no annotation entry found for '6:160602370'
Warning: no annotation entry found for '6:160602428'
Warning: no annotation entry found for '6:160602459'
Warning: no annotation entry found for '6:160602588'
Warning: no annotation entry found for '6:160602994'
Warning: no annotation entry found for '6:160602994'
Warning: no annotation entry found for '6:160602994'
Warning: no annotation entry found for '6:160602994'
Warning: no annotation entry found for '6:160602994'
Warning: no annotation entry found for '6:160603139'
Warning: no annotation entry found for '6:160603233'
Warning: no annotation entry found for '6:160603233'
Warning: no annotation entry found for '6:160603816'
Warning: no annotation entry found for '6:160604256'
Warning: no annotation entry found for '6:160604410'
Warning: no annotation entry found for '6:160604765'
Warning: no annotation entry found for '6:160605165'
Warning: no annotation entry found for '6:160605423'
Warning: no annotation entry found for '6:160605483'
Warning: no annotation entry found for '6:160605732'
Warning: no annotation entry found for '6:160607693'
Warning: no annotation entry found for '6:160607876'
Warning: no annotation entry found for '6:160608638'
Warning: no annotation entry found for '6:160608696'
Warning: no annotation entry found for '6:160608819'
Warning: no annotation entry found for '6:160608819'
Warning: no annotation entry found for '6:160608819'
Warning: no annotation entry found for '6:160608819'
Warning: no annotation entry found for '6:160609199'
Warning: no annotation entry found for '6:160609437'
Warning: no annotation entry found for '6:160609848'
Warning: no annotation entry found for '6:160610140'
Warning: no annotation entry found for '6:160610221'
Warning: no annotation entry found for '6:160610545'
Warning: no annotation entry found for '6:160610606'
Warning: no annotation entry found for '6:160610686'
Warning: no annotation entry found for '6:160610862'
Warning: no annotation entry found for '6:160611057'
Warning: no annotation entry found for '6:160611297'
Warning: no annotation entry found for '6:160611449'
Warning: no annotation entry found for '6:160611465'
Warning: no annotation entry found for '6:160611636'
Warning: no annotation entry found for '6:160611976'
Warning: no annotation entry found for '6:160615051'
Warning: no annotation entry found for '6:160615352'
Warning: no annotation entry found for '6:160615352'
Warning: no annotation entry found for '6:160615352'
Warning: no annotation entry found for '6:160615370'
Warning: no annotation entry found for '6:160615596'
Warning: no annotation entry found for '6:160615616'
Warning: no annotation entry found for '6:160631693'
Warning: no annotation entry found for '6:160631839'
Warning: no annotation entry found for '6:160631888'
Warning: no annotation entry found for '6:160631890'
Warning: no annotation entry found for '6:160631908'
Warning: no annotation entry found for '6:160631944'
Warning: no annotation entry found for '6:160634167'
Warning: no annotation entry found for '6:160634459'
Warning: no annotation entry found for '6:160634652'
Warning: no annotation entry found for '6:160634979'
Warning: no annotation entry found for '6:160635376'
Warning: no annotation entry found for '6:160636945'
Warning: no annotation entry found for '6:160636989'
Warning: no annotation entry found for '6:160637334'
Warning: no annotation entry found for '6:160637388'
Warning: no annotation entry found for '6:160637418'
Warning: no annotation entry found for '6:160637437'
Warning: no annotation entry found for '6:160637439'
Warning: no annotation entry found for '6:160637457'
Warning: no annotation entry found for '6:160637611'
Warning: no annotation entry found for '6:160637626'
Warning: no annotation entry found for '6:160641086'
Warning: no annotation entry found for '6:160642748'
Warning: no annotation entry found for '6:160642785'
Warning: no annotation entry found for '6:160642824'
Warning: no annotation entry found for '6:160643083'
Warning: no annotation entry found for '6:160643156'
Warning: no annotation entry found for '6:160643171'
Warning: no annotation entry found for '6:160643243'
Warning: no annotation entry found for '6:160646592'
Warning: no annotation entry found for '6:160646661'
Warning: no annotation entry found for '6:160646781'
Warning: no annotation entry found for '6:160646860'
Warning: no annotation entry found for '6:160646917'
Warning: no annotation entry found for '6:160646960'
Warning: no annotation entry found for '6:160647032'
Warning: no annotation entry found for '6:160647076'
Warning: no annotation entry found for '6:160647082'
Warning: no annotation entry found for '6:160647083'
Warning: no annotation entry found for '6:160647144'
Warning: no annotation entry found for '6:160647160'
Warning: no annotation entry found for '6:160647203'
Warning: no annotation entry found for '6:160647288'
Warning: no annotation entry found for '6:160647575'
Warning: no annotation entry found for '6:160647859'
Warning: no annotation entry found for '6:160648621'
Warning: no annotation entry found for '6:160648909'
Warning: no annotation entry found for '6:160648920'
Warning: no annotation entry found for '6:160649423'
Warning: no annotation entry found for '6:160649621'
Warning: no annotation entry found for '6:160649838'
Warning: no annotation entry found for '6:160649958'
Warning: no annotation entry found for '6:160650180'
Warning: no annotation entry found for '6:160650950'
Warning: no annotation entry found for '6:160651299'
Warning: no annotation entry found for '6:160652016'
Warning: no annotation entry found for '6:160652016'
Warning: no annotation entry found for '6:160652432'
Warning: no annotation entry found for '6:160653111'
Warning: no annotation entry found for '6:160653408'
Warning: no annotation entry found for '6:160653500'
Warning: no annotation entry found for '6:160653944'
Warning: no annotation entry found for '6:160654352'
Warning: no annotation entry found for '6:160655215'
Warning: no annotation entry found for '6:160655484'
Warning: no annotation entry found for '6:160655495'
Warning: no annotation entry found for '6:160655566'
Warning: no annotation entry found for '6:160655567'
Warning: no annotation entry found for '6:160656310'
Warning: no annotation entry found for '6:160656989'
Warning: no annotation entry found for '6:160657202'
Warning: no annotation entry found for '6:160657398'
Warning: no annotation entry found for '6:160657398'
Warning: no annotation entry found for '6:160657398'
Warning: no annotation entry found for '6:160657971'
Warning: no annotation entry found for '6:160658867'
Warning: no annotation entry found for '6:160658891'
Warning: no annotation entry found for '6:160658891'
Warning: no annotation entry found for '6:160659425'
Warning: no annotation entry found for '6:160660299'
Warning: no annotation entry found for '6:160660768'
Warning: no annotation entry found for '6:160660810'
Warning: no annotation entry found for '6:160661429'
Warning: no annotation entry found for '6:160661663'
Warning: no annotation entry found for '6:160661767'
Warning: no annotation entry found for '6:160661815'
Warning: no annotation entry found for '6:160661993'
Warning: no annotation entry found for '6:160662240'
Warning: no annotation entry found for '6:160662449'
Warning: no annotation entry found for '6:160662499'
Warning: no annotation entry found for '6:160662601'
Warning: no annotation entry found for '6:160663124'
Warning: no annotation entry found for '6:160663610'
Warning: no annotation entry found for '6:160663994'
Warning: no annotation entry found for '6:160664088'
Warning: no annotation entry found for '6:160664235'
Warning: no annotation entry found for '6:160664263'
Warning: no annotation entry found for '6:160665128'
Annotated 0 of 376 lines.
Written annotated lines to '1000g_lpa_hg38.vcf.regenie.annotated.txt.gz'.
Picked up JAVA_TOOL_OPTIONS: -Djdk.lang.Process.launchMechanism=vfork

genomic-utils 0.3.7
https://github.com/genepi/genomic-utils
(c) 2023 Lukas Forer and Sebastian Sch?nherr

Fixed Columns: [CHROM, GENPOS, ID, ALLELE0, ALLELE1, A1FREQ, N, TEST, EXTRA, GENE_CHROMOSOME, GENE_START, GENE_END, GENE_NAME, GENE_DISTANCE, REF, ALT, RSID]
Phenotype 'Y1': [BETA.Y1, SE.Y1, CHISQ.Y1, LOG10P.Y1]
Phenotype 'Y2': [BETA.Y2, SE.Y2, CHISQ.Y2, LOG10P.Y2]
